[I 2026-03-22 01:20:31,475] Trial 199 finished with value: 55558.17438155494 and parameters: {'Q_phix': 3.625958924902977, 'Q_phiy': 0.11882053525311105, 'Q_phiz': 0.33551274169280076, 'Q_ecx': 1.1126016639758798, 'Q_ecy': 2.0182455458308017, 'Q_ecz': 15.832054444962091, 'Q_elx': 2.6988604668591534, 'Q_ely': 0.9444277660124969, 'Q_elz': 2.7340741152587644, 'U_T': 0.007660263211950849, 'U_tx': 24.3888763753109, 'U_ty': 38.361167553832274, 'U_tz': 156.09533873217984, 'Q_wx': 0.5145529562536303, 'Q_wy': 0.02190214642755211, 'Q_wz': 1.012591232517264, 'Q_s': 0.5680101321591794}. Best is trial 190 with value: 31.13529304407904.

======================================================================
  OPTIMISATION COMPLETE
======================================================================

  Best trial : #190
  Best J     : 31.1353
  MPCC cost  : 28.214500244704986
  RMSE_c     : 0.5947037175143772
  RMSE_l     : 0.575709545082675
  Effort     : 1100.748751436683
  Path       : 0.9998482064466299

  Best weights:
    Q_phi      = [4.701672179464944, 0.10765497547091672, 0.38704563032509476]
    Q_ec       = [3.266895157289901, 2.0347717576756987, 5.9283689182989505]
    Q_el       = [3.3379973197278994, 0.7686341014625337, 12.068020260766401]
    U_mat      = [0.007714356839109675, 28.96514121452206, 36.32694978491494, 129.6444008987135]
    Q_omega    = [0.7472726961115529, 0.023283939606074316, 0.8757713692833783]
    Q_s        = 0.5004461382988653

  ✓ Trial history saved to /home/bryansgue/dev/ros2/DQ-MPCC_vs_MPCC_baseline/DQ-MPCC_baseline/tuning/tuning_history.json

[3/3] ✓ Best weights saved to /home/bryansgue/dev/ros2/DQ-MPCC_vs_MPCC_baseline/DQ-MPCC_baseline/tuning/best_weights.json

  ── Copy-paste into dq_mpcc_controller.py ──
  DEFAULT_Q_PHI   = [4.701672179464944, 0.10765497547091672, 0.38704563032509476]
  DEFAULT_Q_EC    = [3.266895157289901, 2.0347717576756987, 5.9283689182989505]
  DEFAULT_Q_EL    = [3.3379973197278994, 0.7686341014625337, 12.068020260766401]
  DEFAULT_U_MAT   = [0.007714356839109675, 28.96514121452206, 36.32694978491494, 129.6444008987135]
  DEFAULT_Q_OMEGA = [0.7472726961115529, 0.023283939606074316, 0.8757713692833783]
  DEFAULT_Q_S     = 0.5004461382988653

) QP iteration 1.

SQP_RTI: QP solver returned error status 3 (ACADOS_MINSTEP) QP iteration 1.

SQP_RTI: QP solver returned error status 3 (ACADOS_MINSTEP) QP iteration 1.

SQP_RTI: QP solver returned error status 3 (ACADOS_MINSTEP) QP iteration 1.

SQP_RTI: QP solver returned error status 3 (ACADOS_MINSTEP) QP iteration 1.

SQP_RTI: QP solver returned error status 3 (ACADOS_MINSTEP) QP iteration 1.

SQP_RTI: QP solver returned error status 3 (ACADOS_MINSTEP) QP iteration 1.

SQP_RTI: QP solver returned error status 3 (ACADOS_MINSTEP) QP iteration 1.

SQP_RTI: QP solver returned error status 3 (ACADOS_MINSTEP) QP iteration 1.

SQP_RTI: QP solver returned error status 3 (ACADOS_MINSTEP) QP iteration 1.

SQP_RTI: QP solver returned error status 3 (ACADOS_MINSTEP) QP iteration 1.

SQP_RTI: QP solver returned error status 3 (ACADOS_MINSTEP) QP iteration 1.

SQP_RTI: QP solver returned error status 3 (ACADOS_MINSTEP) QP iteration 1.

SQP_RTI: QP solver returned error status 3 (ACADOS_MINSTEP) QP iteration 1.

SQP_RTI: QP solver returned error status 3 (ACADOS_MINSTEP) QP iteration 1.

SQP_RTI: QP solver returned error status 3 (ACADOS_MINSTEP) QP iteration 1.

SQP_RTI: QP solver returned error status 3 (ACADOS_MINSTEP) QP iteration 1.

SQP_RTI: QP solver returned error status 3 (ACADOS_MINSTEP) QP iteration 1.

SQP_RTI: QP solver returned error status 3 (ACADOS_MINSTEP) QP iteration 1.

SQP_RTI: QP solver returned error status 3 (ACADOS_MINSTEP) QP iteration 1.

SQP_RTI: QP solver returned error status 3 (ACADOS_MINSTEP) QP iteration 1.

SQP_RTI: QP solver returned error status 3 (ACADOS_MINSTEP) QP iteration 1.

SQP_RTI: QP solver returned error status 3 (ACADOS_MINSTEP) QP iteration 1.

SQP_RTI: QP solver returned error status 3 (ACADOS_MINSTEP) QP iteration 1.

SQP_RTI: QP solver returned error status 3 (ACADOS_MINSTEP) QP iteration 1.

SQP_RTI: QP solver returned error status 3 (ACADOS_MINSTEP) QP iteration 1.

SQP_RTI: QP solver returned error status 3 (ACADOS_MINSTEP) QP iteration 1.

SQP_RTI: QP solver returned error status 3 (ACADOS_MINSTEP) QP iteration 1.

SQP_RTI: QP solver returned error status 3 (ACADOS_MINSTEP) QP iteration 1.

SQP_RTI: QP solver returned error status 3 (ACADOS_MINSTEP) QP iteration 1.

SQP_RTI: QP solver returned error status 3 (ACADOS_MINSTEP) QP iteration 1.

SQP_RTI: QP solver returned error status 3 (ACADOS_MINSTEP) QP iteration 1.

SQP_RTI: QP solver returned error status 3 (ACADOS_MINSTEP) QP iteration 1.

SQP_RTI: QP solver returned error status 3 (ACADOS_MINSTEP) QP iteration 1.

SQP_RTI: QP solver returned error status 3 (ACADOS_MINSTEP) QP iteration 1.

SQP_RTI: QP solver returned error status 3 (ACADOS_MINSTEP) QP iteration 1.

SQP_RTI: QP solver returned error status 3 (ACADOS_MINSTEP) QP iteration 1.

SQP_RTI: QP solver returned error status 3 (ACADOS_MINSTEP) QP iteration 1.

SQP_RTI: QP solver returned error status 3 (ACADOS_MINSTEP) QP iteration 1.

SQP_RTI: QP solver returned error status 3 (ACADOS_MINSTEP) QP iteration 1.

SQP_RTI: QP solver returned error status 3 (ACADOS_MINSTEP) QP iteration 1.

SQP_RTI: QP solver returned error status 3 (ACADOS_MINSTEP) QP iteration 1.

SQP_RTI: QP solver returned error status 3 (ACADOS_MINSTEP) QP iteration 1.

SQP_RTI: QP solver returned error status 3 (ACADOS_MINSTEP) QP iteration 1.

SQP_RTI: QP solver returned error status 3 (ACADOS_MINSTEP) QP iteration 1.

SQP_RTI: QP solver returned error status 3 (ACADOS_MINSTEP) QP iteration 1.

SQP_RTI: QP solver returned error status 3 (ACADOS_MINSTEP) QP iteration 1.

SQP_RTI: QP solver returned error status 3 (ACADOS_MINSTEP) QP iteration 1.

SQP_RTI: QP solver returned error status 3 (ACADOS_MINSTEP) QP iteration 1.

SQP_RTI: QP solver returned error status 3 (ACADOS_MINSTEP) QP iteration 1.
