                                                                                     Best trial: 31. Best value: 50.3994:  25%|██▌       | 50/200 [03:59<19:11,  7.68s/it]Best trial: 31. Best value: 50.3994:  25%|██▌       | 50/200 [03:59<19:11,  7.68s/it]Best trial: 31. Best value: 50.3994:  26%|██▌       | 51/200 [03:59<16:34,  6.68s/it][I 2026-03-22 01:11:09,140] Trial 50 finished with value: 6676.68325138211 and parameters: {'Q_phix': 0.3407849311848163, 'Q_phiy': 12.100235815945915, 'Q_phiz': 1.1783596982516042, 'Q_ecx': 11.933995032170612, 'Q_ecy': 4.396399440655695, 'Q_ecz': 1.2951445347542132, 'Q_elx': 2.530776906913565, 'Q_ely': 24.512909554854122, 'Q_elz': 4.7968967432485154, 'U_T': 0.03898800385591628, 'U_tx': 168.68624479129528, 'U_ty': 39.00075723011159, 'U_tz': 83.59140086186729, 'Q_wx': 0.21185405125989593, 'Q_wy': 0.023820191905210196, 'Q_wz': 0.20037811439221917, 'Q_s': 19.085997679630136}. Best is trial 31 with value: 50.39935948146522.
  [Trial  51]  J=  54.236  J_mpcc=50.6907  RMSE_c=0.7129  RMSE_l=0.6067  effort=1244.8  path=100.0%  v̄θ=10.38  t_lap=6.0s  aniso=0.23  (3.0s)
                                                                                     Best trial: 31. Best value: 50.3994:  26%|██▌       | 51/200 [04:01<16:34,  6.68s/it]Best trial: 31. Best value: 50.3994:  26%|██▌       | 51/200 [04:01<16:34,  6.68s/it]Best trial: 31. Best value: 50.3994:  26%|██▌       | 52/200 [04:01<13:43,  5.57s/it][I 2026-03-22 01:11:12,115] Trial 51 finished with value: 54.23573708430077 and parameters: {'Q_phix': 0.25388292634428605, 'Q_phiy': 6.0202735617582, 'Q_phiz': 5.102094204300753, 'Q_ecx': 25.166076775002683, 'Q_ecy': 2.6252929963988447, 'Q_ecz': 1.574989601679073, 'Q_elx': 1.3359870148597197, 'Q_ely': 18.708877239727446, 'Q_elz': 17.037370653460737, 'U_T': 0.006129577264755198, 'U_tx': 497.69943681762294, 'U_ty': 54.89324688576489, 'U_tz': 31.331881823081094, 'Q_wx': 0.6599349156196492, 'Q_wy': 0.013842374179777728, 'Q_wz': 0.27947135817625657, 'Q_s': 0.700261811573485}. Best is trial 31 with value: 50.39935948146522.
  [Trial  52]  J=  51.108  J_mpcc=47.9365  RMSE_c=0.5716  RMSE_l=0.6632  effort=1191.1  path=100.0%  v̄θ=10.42  t_lap=6.0s  aniso=0.42  (2.9s)
                                                                                     Best trial: 31. Best value: 50.3994:  26%|██▌       | 52/200 [04:04<13:43,  5.57s/it]Best trial: 31. Best value: 50.3994:  26%|██▌       | 52/200 [04:04<13:43,  5.57s/it]Best trial: 31. Best value: 50.3994:  26%|██▋       | 53/200 [04:04<11:42,  4.78s/it][I 2026-03-22 01:11:15,058] Trial 52 finished with value: 51.10812072883938 and parameters: {'Q_phix': 0.22959800188877136, 'Q_phiy': 2.306910563305991, 'Q_phiz': 3.3801437716199616, 'Q_ecx': 24.820964342139842, 'Q_ecy': 2.849824082589343, 'Q_ecz': 1.6114471854390042, 'Q_elx': 1.3437562700531998, 'Q_ely': 12.227564613639094, 'Q_elz': 9.997903906062387, 'U_T': 0.006578136776738252, 'U_tx': 515.1302164738947, 'U_ty': 51.93124580043733, 'U_tz': 43.25131812347676, 'Q_wx': 0.4910383276250594, 'Q_wy': 0.014430945314073502, 'Q_wz': 0.1748736023900505, 'Q_s': 0.6847089886289011}. Best is trial 31 with value: 50.39935948146522.
  [Trial  53]  J=  59.230  J_mpcc=56.0619  RMSE_c=0.4984  RMSE_l=0.6821  effort=1188.8  path=100.0%  v̄θ=10.79  t_lap=5.8s  aniso=1.39  (2.8s)
                                                                                     Best trial: 31. Best value: 50.3994:  26%|██▋       | 53/200 [04:07<11:42,  4.78s/it]Best trial: 31. Best value: 50.3994:  26%|██▋       | 53/200 [04:07<11:42,  4.78s/it]Best trial: 31. Best value: 50.3994:  27%|██▋       | 54/200 [04:07<10:13,  4.20s/it][I 2026-03-22 01:11:17,921] Trial 53 finished with value: 59.22958887590712 and parameters: {'Q_phix': 0.28774051117096777, 'Q_phiy': 2.382045094369998, 'Q_phiz': 3.4106510490971655, 'Q_ecx': 16.62769962680686, 'Q_ecy': 2.902095466072603, 'Q_ecz': 2.064697498669654, 'Q_elx': 1.3288517845381937, 'Q_ely': 11.359144751876194, 'Q_elz': 10.284271623392568, 'U_T': 0.008435053079757842, 'U_tx': 374.5499521833847, 'U_ty': 55.958123878799256, 'U_tz': 41.005902247056845, 'Q_wx': 0.523355212729123, 'Q_wy': 0.017749626846398626, 'Q_wz': 0.05705812736275748, 'Q_s': 0.8523876395630094}. Best is trial 31 with value: 50.39935948146522.
  [Trial  54]  J=  43.683  J_mpcc=40.6789  RMSE_c=0.5306  RMSE_l=0.5086  effort=1078.6  path=100.0%  v̄θ=10.42  t_lap=6.0s  aniso=0.27  (2.9s)
                                                                                     Best trial: 31. Best value: 50.3994:  27%|██▋       | 54/200 [04:10<10:13,  4.20s/it]Best trial: 54. Best value: 43.6832:  27%|██▋       | 54/200 [04:10<10:13,  4.20s/it]Best trial: 54. Best value: 43.6832:  28%|██▊       | 55/200 [04:10<09:15,  3.83s/it][I 2026-03-22 01:11:20,872] Trial 54 finished with value: 43.683158888922236 and parameters: {'Q_phix': 0.41004506773984173, 'Q_phiy': 5.07285736758048, 'Q_phiz': 2.4993179335214863, 'Q_ecx': 25.522925351151784, 'Q_ecy': 3.3559414008156363, 'Q_ecz': 1.627946387751298, 'Q_elx': 1.6458526858817524, 'Q_ely': 14.426514006846812, 'Q_elz': 13.37388448943389, 'U_T': 0.006094940802775412, 'U_tx': 522.3082695489783, 'U_ty': 69.91702552398044, 'U_tz': 22.71787544723815, 'Q_wx': 0.7160872532926801, 'Q_wy': 0.013659621926066392, 'Q_wz': 0.1790930313344427, 'Q_s': 0.5868556581058837}. Best is trial 54 with value: 43.683158888922236.
  [Trial  55]  J=  41.991  J_mpcc=39.1181  RMSE_c=0.4983  RMSE_l=0.4927  effort=1091.9  path=100.0%  v̄θ=10.67  t_lap=5.9s  aniso=0.32  (3.0s)
                                                                                     Best trial: 54. Best value: 43.6832:  28%|██▊       | 55/200 [04:13<09:15,  3.83s/it]Best trial: 55. Best value: 41.9912:  28%|██▊       | 55/200 [04:13<09:15,  3.83s/it]Best trial: 55. Best value: 41.9912:  28%|██▊       | 56/200 [04:13<08:34,  3.58s/it][I 2026-03-22 01:11:23,859] Trial 55 finished with value: 41.99118523587972 and parameters: {'Q_phix': 0.4364192499262382, 'Q_phiy': 3.513382154598231, 'Q_phiz': 2.385805417341763, 'Q_ecx': 25.772050575145947, 'Q_ecy': 3.511917819714162, 'Q_ecz': 1.6785201192841868, 'Q_elx': 1.5345441842853227, 'Q_ely': 14.100890296655255, 'Q_elz': 17.767923381686494, 'U_T': 0.00596117932546467, 'U_tx': 546.0022311354327, 'U_ty': 34.17726706199394, 'U_tz': 21.86822480815833, 'Q_wx': 0.6484616146678162, 'Q_wy': 0.013298024607817314, 'Q_wz': 0.16911275972833428, 'Q_s': 0.5964682243178111}. Best is trial 55 with value: 41.99118523587972.
  [Trial  56]  J=  48.808  J_mpcc=45.4612  RMSE_c=0.6019  RMSE_l=0.6616  effort=952.0  path=100.0%  v̄θ=10.56  t_lap=6.0s  aniso=0.79  (2.9s)
                                                                                     Best trial: 55. Best value: 41.9912:  28%|██▊       | 56/200 [04:16<08:34,  3.58s/it]Best trial: 55. Best value: 41.9912:  28%|██▊       | 56/200 [04:16<08:34,  3.58s/it]Best trial: 55. Best value: 41.9912:  28%|██▊       | 57/200 [04:16<08:04,  3.39s/it][I 2026-03-22 01:11:26,801] Trial 56 finished with value: 48.80775687709626 and parameters: {'Q_phix': 0.6843535900502375, 'Q_phiy': 1.3504182896582522, 'Q_phiz': 3.7390189063231163, 'Q_ecx': 15.802081597577311, 'Q_ecy': 3.4287367925882677, 'Q_ecz': 2.581099067183578, 'Q_elx': 1.5409603737450768, 'Q_ely': 14.406642776758305, 'Q_elz': 17.920934099558696, 'U_T': 0.01106212413274588, 'U_tx': 581.5208725546034, 'U_ty': 28.671752350111056, 'U_tz': 22.296981951363403, 'Q_wx': 1.01748827654431, 'Q_wy': 0.0129216535048863, 'Q_wz': 0.17468261574227742, 'Q_s': 0.5998592299522949}. Best is trial 55 with value: 41.99118523587972.
  [Trial  57]  J=5587646.862  J_mpcc=5583351.8933  RMSE_c=1407.2433  RMSE_l=254.4412  effort=240.4  path=93.5%  v̄θ=1.98  t_lap=29.7s  aniso=9.36  (14.9s)
                                                                                     Best trial: 55. Best value: 41.9912:  28%|██▊       | 57/200 [04:31<08:04,  3.39s/it]Best trial: 55. Best value: 41.9912:  28%|██▊       | 57/200 [04:31<08:04,  3.39s/it]Best trial: 55. Best value: 41.9912:  29%|██▉       | 58/200 [04:31<16:13,  6.85s/it][I 2026-03-22 01:11:41,749] Trial 57 finished with value: 5587646.862070153 and parameters: {'Q_phix': 0.6240473527392291, 'Q_phiy': 1.0478382572803044, 'Q_phiz': 2.460218555885787, 'Q_ecx': 26.448296237351567, 'Q_ecy': 1.8328317652600592, 'Q_ecz': 2.745361367779453, 'Q_elx': 1.6084839697244657, 'Q_ely': 8.194517185169873, 'Q_elz': 13.12634858696072, 'U_T': 0.01069739487321246, 'U_tx': 300.63891186652444, 'U_ty': 34.43195193489591, 'U_tz': 20.09876143917885, 'Q_wx': 1.5290004136456492, 'Q_wy': 0.014490250305248888, 'Q_wz': 0.1792820758477632, 'Q_s': 0.5947637879398989}. Best is trial 55 with value: 41.99118523587972.
  [Trial  58]  J= 620.228  J_mpcc=616.8297  RMSE_c=0.6820  RMSE_l=0.7820  effort=1498.1  path=100.0%  v̄θ=11.16  t_lap=5.6s  aniso=0.56  (2.8s)
                                                                                     Best trial: 55. Best value: 41.9912:  29%|██▉       | 58/200 [04:34<16:13,  6.85s/it]Best trial: 55. Best value: 41.9912:  29%|██▉       | 58/200 [04:34<16:13,  6.85s/it]Best trial: 55. Best value: 41.9912:  30%|██▉       | 59/200 [04:34<13:15,  5.64s/it][I 2026-03-22 01:11:44,551] Trial 58 finished with value: 620.2282769625485 and parameters: {'Q_phix': 0.9154683793815915, 'Q_phiy': 0.5276221017325151, 'Q_phiz': 3.939909950644901, 'Q_ecx': 15.673158809572877, 'Q_ecy': 3.379099557674496, 'Q_ecz': 1.7562193248430094, 'Q_elx': 1.0990921310149186, 'Q_ely': 15.040887626689637, 'Q_elz': 23.9040304142145, 'U_T': 0.00866926181664529, 'U_tx': 580.9284591174476, 'U_ty': 26.306381116564125, 'U_tz': 22.763065281714045, 'Q_wx': 1.0976142835745661, 'Q_wy': 0.012446307942180114, 'Q_wz': 0.21925194379149962, 'Q_s': 11.684543551360374}. Best is trial 55 with value: 41.99118523587972.
  [Trial  59]  J= 240.789  J_mpcc=237.5414  RMSE_c=0.5272  RMSE_l=0.7498  effort=1435.7  path=100.0%  v̄θ=10.70  t_lap=5.9s  aniso=1.31  (2.9s)
                                                                                     Best trial: 55. Best value: 41.9912:  30%|██▉       | 59/200 [04:37<13:15,  5.64s/it]Best trial: 55. Best value: 41.9912:  30%|██▉       | 59/200 [04:37<13:15,  5.64s/it]Best trial: 55. Best value: 41.9912:  30%|███       | 60/200 [04:37<11:13,  4.81s/it][I 2026-03-22 01:11:47,438] Trial 59 finished with value: 240.78875120048798 and parameters: {'Q_phix': 0.47428174766545783, 'Q_phiy': 3.2956530082709743, 'Q_phiz': 1.503943495755936, 'Q_ecx': 19.201828180682053, 'Q_ecy': 2.930522532068395, 'Q_ecz': 2.4113869234952867, 'Q_elx': 0.8891043635247656, 'Q_ely': 11.693026092864994, 'Q_elz': 14.30514100824178, 'U_T': 0.005591586835711623, 'U_tx': 110.66078848138345, 'U_ty': 30.82184481578937, 'U_tz': 26.706844044182866, 'Q_wx': 0.9516205368647701, 'Q_wy': 0.012291070316048142, 'Q_wz': 0.08762433829143981, 'Q_s': 3.916710648291621}. Best is trial 55 with value: 41.99118523587972.
  [Trial  60]  J=1615.813  J_mpcc=1549.6765  RMSE_c=21.4254  RMSE_l=19.2285  effort=940.4  path=100.0%  v̄θ=8.24  t_lap=7.6s  aniso=0.17  (3.7s)
                                                                                     Best trial: 55. Best value: 41.9912:  30%|███       | 60/200 [04:41<11:13,  4.81s/it]Best trial: 55. Best value: 41.9912:  30%|███       | 60/200 [04:41<11:13,  4.81s/it]Best trial: 55. Best value: 41.9912:  30%|███       | 61/200 [04:41<10:23,  4.49s/it][I 2026-03-22 01:11:51,157] Trial 60 finished with value: 1615.8133585284627 and parameters: {'Q_phix': 1.342405573052671, 'Q_phiy': 1.2737006656849652, 'Q_phiz': 2.9311953185004853, 'Q_ecx': 12.429810757071861, 'Q_ecy': 3.8893145206253434, 'Q_ecz': 2.201478910292888, 'Q_elx': 0.7393416582728976, 'Q_ely': 22.934282415111035, 'Q_elz': 10.80358006335538, 'U_T': 0.014931461081656352, 'U_tx': 380.6205026354754, 'U_ty': 24.00726638134081, 'U_tz': 27.579698422001684, 'Q_wx': 0.6913611545616831, 'Q_wy': 0.01730763876271565, 'Q_wz': 0.16977246867046958, 'Q_s': 1.0918038544081228}. Best is trial 55 with value: 41.99118523587972.
  [Trial  61]  J=  52.957  J_mpcc=49.8541  RMSE_c=0.5774  RMSE_l=0.5744  effort=1260.6  path=100.0%  v̄θ=10.83  t_lap=5.8s  aniso=0.41  (2.9s)
                                                                                     Best trial: 55. Best value: 41.9912:  30%|███       | 61/200 [04:43<10:23,  4.49s/it]Best trial: 55. Best value: 41.9912:  30%|███       | 61/200 [04:43<10:23,  4.49s/it]Best trial: 55. Best value: 41.9912:  31%|███       | 62/200 [04:43<09:13,  4.01s/it][I 2026-03-22 01:11:54,066] Trial 61 finished with value: 52.95666506298107 and parameters: {'Q_phix': 0.3771813589420774, 'Q_phiy': 4.8165894999679155, 'Q_phiz': 7.187360637039194, 'Q_ecx': 15.886639802352391, 'Q_ecy': 3.3851949496619493, 'Q_ecz': 1.4452515301180995, 'Q_elx': 1.5168820290078087, 'Q_ely': 13.851001703269079, 'Q_elz': 19.372676010177347, 'U_T': 0.0064696521589688045, 'U_tx': 799.070805886512, 'U_ty': 36.141818600762306, 'U_tz': 24.148439376379315, 'Q_wx': 0.5049148686382748, 'Q_wy': 0.02102685967239665, 'Q_wz': 0.11280450583838479, 'Q_s': 0.8037250263727709}. Best is trial 55 with value: 41.99118523587972.
  [Trial  62]  J=  50.447  J_mpcc=46.9711  RMSE_c=0.6286  RMSE_l=0.6092  effort=902.6  path=100.0%  v̄θ=9.88  t_lap=6.4s  aniso=0.49  (3.2s)
                                                                                     Best trial: 55. Best value: 41.9912:  31%|███       | 62/200 [04:47<09:13,  4.01s/it]Best trial: 55. Best value: 41.9912:  31%|███       | 62/200 [04:47<09:13,  4.01s/it]Best trial: 55. Best value: 41.9912:  32%|███▏      | 63/200 [04:47<08:35,  3.77s/it][I 2026-03-22 01:11:57,256] Trial 62 finished with value: 50.44743077026294 and parameters: {'Q_phix': 0.3863693661579213, 'Q_phiy': 4.8987226895016125, 'Q_phiz': 2.111028912398535, 'Q_ecx': 15.780352139775951, 'Q_ecy': 4.36865685831828, 'Q_ecz': 1.4200808300004442, 'Q_elx': 1.5572309153266564, 'Q_ely': 9.705904147524347, 'Q_elz': 18.767564577145535, 'U_T': 0.010200336358367949, 'U_tx': 555.3682516804155, 'U_ty': 34.48878575642385, 'U_tz': 22.47366423173775, 'Q_wx': 0.5706169987266073, 'Q_wy': 0.015366914474244753, 'Q_wz': 0.15005999761223682, 'Q_s': 0.5878702753050885}. Best is trial 55 with value: 41.99118523587972.
  [Trial  63]  J= 155.729  J_mpcc=147.7749  RMSE_c=1.9201  RMSE_l=2.0148  effort=1884.3  path=100.0%  v̄θ=8.86  t_lap=7.1s  aniso=1.76  (3.8s)
                                                                                     Best trial: 55. Best value: 41.9912:  32%|███▏      | 63/200 [04:50<08:35,  3.77s/it]Best trial: 55. Best value: 41.9912:  32%|███▏      | 63/200 [04:50<08:35,  3.77s/it]Best trial: 55. Best value: 41.9912:  32%|███▏      | 64/200 [04:50<08:32,  3.77s/it][I 2026-03-22 01:12:01,027] Trial 63 finished with value: 155.72875188189093 and parameters: {'Q_phix': 0.7764203325896464, 'Q_phiy': 5.004910592302116, 'Q_phiz': 2.095198470447718, 'Q_ecx': 26.93366566439673, 'Q_ecy': 5.162085380181805, 'Q_ecz': 5.062683417558671, 'Q_elx': 1.5262579841614616, 'Q_ely': 9.786262447734767, 'Q_elz': 22.9598006180261, 'U_T': 0.009959547428943378, 'U_tx': 548.7133947503924, 'U_ty': 35.67876320590377, 'U_tz': 21.464216844720895, 'Q_wx': 0.576471695078578, 'Q_wy': 0.01597696522100001, 'Q_wz': 0.14776798642308125, 'Q_s': 0.737283482908271}. Best is trial 55 with value: 41.99118523587972.
  [Trial  64]  J=  65.813  J_mpcc=62.8450  RMSE_c=0.2966  RMSE_l=0.5587  effort=1027.5  path=100.0%  v̄θ=10.47  t_lap=6.0s  aniso=2.53  (3.0s)
                                                                                     Best trial: 55. Best value: 41.9912:  32%|███▏      | 64/200 [04:53<08:32,  3.77s/it]Best trial: 55. Best value: 41.9912:  32%|███▏      | 64/200 [04:53<08:32,  3.77s/it]Best trial: 55. Best value: 41.9912:  32%|███▎      | 65/200 [04:53<07:57,  3.54s/it][I 2026-03-22 01:12:04,029] Trial 64 finished with value: 65.81342658885409 and parameters: {'Q_phix': 0.38708037612848545, 'Q_phiy': 2.2278503449618903, 'Q_phiz': 1.2252429815506034, 'Q_ecx': 15.61026205181641, 'Q_ecy': 4.340767544228627, 'Q_ecz': 1.4426422833132553, 'Q_elx': 1.1071705998690733, 'Q_ely': 6.329295233312171, 'Q_elz': 17.361191650831252, 'U_T': 0.007068457403955826, 'U_tx': 57.205609271017465, 'U_ty': 29.57012205297414, 'U_tz': 25.265987029563817, 'Q_wx': 0.015381974229324656, 'Q_wy': 0.020531706859489483, 'Q_wz': 0.06738175349409292, 'Q_s': 0.9517002880598976}. Best is trial 55 with value: 41.99118523587972.
  [Trial  65]  J=  59.964  J_mpcc=56.3934  RMSE_c=0.6196  RMSE_l=0.8470  effort=1114.7  path=100.0%  v̄θ=10.61  t_lap=5.9s  aniso=1.40  (3.0s)
                                                                                     Best trial: 55. Best value: 41.9912:  32%|███▎      | 65/200 [04:56<07:57,  3.54s/it]Best trial: 55. Best value: 41.9912:  32%|███▎      | 65/200 [04:56<07:57,  3.54s/it]Best trial: 55. Best value: 41.9912:  33%|███▎      | 66/200 [04:56<07:34,  3.39s/it][I 2026-03-22 01:12:07,083] Trial 65 finished with value: 59.963835549911025 and parameters: {'Q_phix': 0.5600250332472277, 'Q_phiy': 1.475542144639487, 'Q_phiz': 3.206614196997621, 'Q_ecx': 29.749495507611734, 'Q_ecy': 3.5138009369902248, 'Q_ecz': 2.012388162335282, 'Q_elx': 1.5328736439756045, 'Q_ely': 14.761026579576427, 'Q_elz': 19.19887845200598, 'U_T': 0.011644873647506085, 'U_tx': 625.34418997219, 'U_ty': 43.92549527108442, 'U_tz': 23.35941611407982, 'Q_wx': 1.2214373900495092, 'Q_wy': 0.012097392915591615, 'Q_wz': 0.1181574295982906, 'Q_s': 0.7861828586335159}. Best is trial 55 with value: 41.99118523587972.
  [Trial  66]  J=  60.677  J_mpcc=57.5345  RMSE_c=0.4004  RMSE_l=0.4761  effort=927.3  path=100.0%  v̄θ=8.74  t_lap=7.2s  aniso=0.82  (3.6s)
                                                                                     Best trial: 55. Best value: 41.9912:  33%|███▎      | 66/200 [05:00<07:34,  3.39s/it]Best trial: 55. Best value: 41.9912:  33%|███▎      | 66/200 [05:00<07:34,  3.39s/it]Best trial: 55. Best value: 41.9912:  34%|███▎      | 67/200 [05:00<07:39,  3.46s/it][I 2026-03-22 01:12:10,691] Trial 66 finished with value: 60.67658593267382 and parameters: {'Q_phix': 0.3174858064864936, 'Q_phiy': 7.313186174175838, 'Q_phiz': 0.8686843907358699, 'Q_ecx': 12.887221230247484, 'Q_ecy': 4.52493565920099, 'Q_ecz': 3.1702571241012287, 'Q_elx': 1.3927071034398923, 'Q_ely': 11.661887588513997, 'Q_elz': 23.49121441274882, 'U_T': 0.0058902236411583365, 'U_tx': 528.7912220746257, 'U_ty': 20.475897652149197, 'U_tz': 43.0710296860417, 'Q_wx': 0.7650948008977326, 'Q_wy': 0.025441389605978637, 'Q_wz': 0.09611774077790942, 'Q_s': 0.5870932674386555}. Best is trial 55 with value: 41.99118523587972.
  [Trial  67]  J= 358.419  J_mpcc=353.9736  RMSE_c=1.0326  RMSE_l=1.1463  effort=1655.1  path=100.0%  v̄θ=11.04  t_lap=5.7s  aniso=0.47  (2.9s)
                                                                                     Best trial: 55. Best value: 41.9912:  34%|███▎      | 67/200 [05:03<07:39,  3.46s/it]Best trial: 55. Best value: 41.9912:  34%|███▎      | 67/200 [05:03<07:39,  3.46s/it]Best trial: 55. Best value: 41.9912:  34%|███▍      | 68/200 [05:03<07:15,  3.30s/it][I 2026-03-22 01:12:13,628] Trial 67 finished with value: 358.4190767644738 and parameters: {'Q_phix': 0.38901184937604844, 'Q_phiy': 3.631773778734878, 'Q_phiz': 2.547071817523151, 'Q_ecx': 10.4604900369479, 'Q_ecy': 6.8601522440439355, 'Q_ecz': 1.3816928919606706, 'Q_elx': 1.2067617047463481, 'Q_ely': 7.923466714675988, 'Q_elz': 15.766542522665928, 'U_T': 0.014737693301666986, 'U_tx': 411.24376230207145, 'U_ty': 33.65089499322145, 'U_tz': 27.161292774851475, 'Q_wx': 1.5908755450659677, 'Q_wy': 0.015406018034557304, 'Q_wz': 0.2176107547837771, 'Q_s': 6.330530581657676}. Best is trial 55 with value: 41.99118523587972.
  [Trial  68]  J= 111.545  J_mpcc=103.0603  RMSE_c=2.1277  RMSE_l=1.8115  effort=1777.0  path=100.0%  v̄θ=8.71  t_lap=7.2s  aniso=1.34  (3.7s)
                                                                                     Best trial: 55. Best value: 41.9912:  34%|███▍      | 68/200 [05:07<07:15,  3.30s/it]Best trial: 55. Best value: 41.9912:  34%|███▍      | 68/200 [05:07<07:15,  3.30s/it]Best trial: 55. Best value: 41.9912:  34%|███▍      | 69/200 [05:07<07:27,  3.42s/it][I 2026-03-22 01:12:17,313] Trial 68 finished with value: 111.54507738868419 and parameters: {'Q_phix': 1.1459570003604265, 'Q_phiy': 1.6947343389695912, 'Q_phiz': 1.8789571704369832, 'Q_ecx': 19.606701376315005, 'Q_ecy': 2.828418706244323, 'Q_ecz': 1.7125169026585376, 'Q_elx': 0.9796581654825008, 'Q_ely': 9.647573004284016, 'Q_elz': 12.577760942448132, 'U_T': 0.009422684093078216, 'U_tx': 317.13517894643826, 'U_ty': 38.578652351465635, 'U_tz': 50.38262551491875, 'Q_wx': 1.9587769337646912, 'Q_wy': 0.019758849351216606, 'Q_wz': 0.15012825218655532, 'Q_s': 0.6759937973865991}. Best is trial 55 with value: 41.99118523587972.
  [Trial  69]  J= 128.048  J_mpcc=117.3637  RMSE_c=2.8365  RMSE_l=1.7943  effort=1925.1  path=100.0%  v̄θ=9.32  t_lap=6.7s  aniso=2.04  (3.5s)
