                                                                                     Best trial: 55. Best value: 41.9912:  34%|███▍      | 69/200 [05:10<07:27,  3.42s/it]Best trial: 55. Best value: 41.9912:  34%|███▍      | 69/200 [05:10<07:27,  3.42s/it]Best trial: 55. Best value: 41.9912:  35%|███▌      | 70/200 [05:10<07:29,  3.46s/it][I 2026-03-22 01:12:20,864] Trial 69 finished with value: 128.04755432809347 and parameters: {'Q_phix': 0.7534584155186429, 'Q_phiy': 3.137254756369929, 'Q_phiz': 7.067607626741841, 'Q_ecx': 15.371825541378717, 'Q_ecy': 3.1106003328814236, 'Q_ecz': 2.5252370299363283, 'Q_elx': 2.12262084626884, 'Q_ely': 21.82634782275252, 'Q_elz': 25.67356249194337, 'U_T': 0.007271792012291033, 'U_tx': 213.69467588410257, 'U_ty': 25.13610543086229, 'U_tz': 20.225613307710358, 'Q_wx': 0.9956601774137991, 'Q_wy': 0.011956872367610534, 'Q_wz': 0.07600219703951104, 'Q_s': 0.581840366733026}. Best is trial 55 with value: 41.99118523587972.
  [Trial  70]  J=118102.089  J_mpcc=116508.2945  RMSE_c=196.8537  RMSE_l=167.8458  effort=814.0  path=0.0%  v̄θ=2.83  t_lap=11.5s  aniso=0.78  (6.0s)
                                                                                     Best trial: 55. Best value: 41.9912:  35%|███▌      | 70/200 [05:16<07:29,  3.46s/it]Best trial: 55. Best value: 41.9912:  35%|███▌      | 70/200 [05:16<07:29,  3.46s/it]Best trial: 55. Best value: 41.9912:  36%|███▌      | 71/200 [05:16<09:04,  4.22s/it][I 2026-03-22 01:12:26,872] Trial 70 finished with value: 118102.08859572031 and parameters: {'Q_phix': 0.4688294634610304, 'Q_phiy': 0.9819442308388169, 'Q_phiz': 2.3435958574745146, 'Q_ecx': 22.95417763073657, 'Q_ecy': 5.397623469796401, 'Q_ecz': 2.179515207279368, 'Q_elx': 0.7638586152488441, 'Q_ely': 4.865585147977197, 'Q_elz': 2.3142302216823043, 'U_T': 0.011304783666996584, 'U_tx': 737.1099365619544, 'U_ty': 49.12979833404611, 'U_tz': 33.03558542640831, 'Q_wx': 0.5885511822233481, 'Q_wy': 0.027153792924197815, 'Q_wz': 0.1909715960206681, 'Q_s': 1.2241955481342335}. Best is trial 55 with value: 41.99118523587972.
  [Trial  71]  J=  63.539  J_mpcc=58.5067  RMSE_c=1.0272  RMSE_l=0.6110  effort=1324.0  path=100.0%  v̄θ=9.36  t_lap=6.7s  aniso=1.33  (3.3s)
                                                                                     Best trial: 55. Best value: 41.9912:  36%|███▌      | 71/200 [05:20<09:04,  4.22s/it]Best trial: 55. Best value: 41.9912:  36%|███▌      | 71/200 [05:20<09:04,  4.22s/it]Best trial: 55. Best value: 41.9912:  36%|███▌      | 72/200 [05:20<08:24,  3.94s/it][I 2026-03-22 01:12:30,170] Trial 71 finished with value: 63.53915416285374 and parameters: {'Q_phix': 0.33215269606765646, 'Q_phiy': 7.501437472718654, 'Q_phiz': 4.043074595442979, 'Q_ecx': 20.142311283437596, 'Q_ecy': 3.792329256789691, 'Q_ecz': 1.133889532962327, 'Q_elx': 1.877813235372036, 'Q_ely': 15.725201771173392, 'Q_elz': 7.681212894363361, 'U_T': 0.008393901349544722, 'U_tx': 590.0642327848183, 'U_ty': 68.78038889133376, 'U_tz': 29.43434512753448, 'Q_wx': 0.4187796891048841, 'Q_wy': 0.03380948602059836, 'Q_wz': 0.4558560796539059, 'Q_s': 0.5581148637735422}. Best is trial 55 with value: 41.99118523587972.
  [Trial  72]  J= 257.682  J_mpcc=232.7311  RMSE_c=6.5452  RMSE_l=2.1374  effort=43.0  path=100.0%  v̄θ=2.48  t_lap=25.3s  aniso=2.08  (12.3s)
                                                                                     Best trial: 55. Best value: 41.9912:  36%|███▌      | 72/200 [05:32<08:24,  3.94s/it]Best trial: 55. Best value: 41.9912:  36%|███▌      | 72/200 [05:32<08:24,  3.94s/it]Best trial: 55. Best value: 41.9912:  36%|███▋      | 73/200 [05:32<13:38,  6.44s/it][I 2026-03-22 01:12:42,443] Trial 72 finished with value: 257.68244209161753 and parameters: {'Q_phix': 1.9784900243381898, 'Q_phiy': 2.020396938037325, 'Q_phiz': 1.587830373029881, 'Q_ecx': 22.65938531026041, 'Q_ecy': 3.2205674179414348, 'Q_ecz': 1.2419211325408186, 'Q_elx': 1.6847077659816703, 'Q_ely': 13.382892742379058, 'Q_elz': 13.891076207258969, 'U_T': 0.23501590559953892, 'U_tx': 724.3508796167943, 'U_ty': 57.7111537969368, 'U_tz': 23.064531793142486, 'Q_wx': 0.5432571445874895, 'Q_wy': 0.01675607231085003, 'Q_wz': 0.24605642965374974, 'Q_s': 0.6845600452872115}. Best is trial 55 with value: 41.99118523587972.
  [Trial  73]  J=  57.752  J_mpcc=53.7985  RMSE_c=0.7998  RMSE_l=0.5234  effort=1086.2  path=100.0%  v̄θ=9.72  t_lap=6.5s  aniso=0.26  (3.2s)
                                                                                     Best trial: 55. Best value: 41.9912:  36%|███▋      | 73/200 [05:35<13:38,  6.44s/it]Best trial: 55. Best value: 41.9912:  36%|███▋      | 73/200 [05:35<13:38,  6.44s/it]Best trial: 55. Best value: 41.9912:  37%|███▋      | 74/200 [05:35<11:28,  5.47s/it][I 2026-03-22 01:12:45,632] Trial 73 finished with value: 57.75181793730832 and parameters: {'Q_phix': 0.5679574118902235, 'Q_phiy': 4.466062341349135, 'Q_phiz': 2.9360227807519976, 'Q_ecx': 26.712691089772303, 'Q_ecy': 2.3139619562147664, 'Q_ecz': 1.651784408385652, 'Q_elx': 2.534007180793549, 'Q_ely': 0.8533398365301795, 'Q_elz': 10.989480650760974, 'U_T': 0.0058131383265965396, 'U_tx': 626.9225675143414, 'U_ty': 31.7097957803706, 'U_tz': 621.7969504405155, 'Q_wx': 0.7281315324163948, 'Q_wy': 0.011022558745139478, 'Q_wz': 0.1279804470813394, 'Q_s': 0.6425174648068304}. Best is trial 55 with value: 41.99118523587972.
  [Trial  74]  J=  69.902  J_mpcc=66.6344  RMSE_c=0.5649  RMSE_l=0.4698  effort=1072.0  path=100.0%  v̄θ=9.49  t_lap=6.6s  aniso=0.16  (3.5s)
                                                                                     Best trial: 55. Best value: 41.9912:  37%|███▋      | 74/200 [05:38<11:28,  5.47s/it]Best trial: 55. Best value: 41.9912:  37%|███▋      | 74/200 [05:38<11:28,  5.47s/it]Best trial: 55. Best value: 41.9912:  38%|███▊      | 75/200 [05:38<10:08,  4.87s/it][I 2026-03-22 01:12:49,114] Trial 74 finished with value: 69.90174480493803 and parameters: {'Q_phix': 0.3824239717913942, 'Q_phiy': 2.5191160710480642, 'Q_phiz': 5.456279641636136, 'Q_ecx': 2.6593215226975238, 'Q_ecy': 1.980004274720579, 'Q_ecz': 1.3919451316965372, 'Q_elx': 1.9930676587952054, 'Q_ely': 25.28097385719121, 'Q_elz': 18.392765472913183, 'U_T': 0.007538844070264631, 'U_tx': 495.100339048197, 'U_ty': 40.02088515118648, 'U_tz': 26.106577814433003, 'Q_wx': 0.03671711558947462, 'Q_wy': 0.020353581595593494, 'Q_wz': 0.15710372374556492, 'Q_s': 0.7953777856827559}. Best is trial 55 with value: 41.99118523587972.
  [Trial  75]  J=  48.999  J_mpcc=44.6565  RMSE_c=0.9195  RMSE_l=0.6570  effort=1322.7  path=100.0%  v̄θ=10.13  t_lap=6.2s  aniso=0.65  (3.1s)
                                                                                     Best trial: 55. Best value: 41.9912:  38%|███▊      | 75/200 [05:42<10:08,  4.87s/it]Best trial: 55. Best value: 41.9912:  38%|███▊      | 75/200 [05:42<10:08,  4.87s/it]Best trial: 55. Best value: 41.9912:  38%|███▊      | 76/200 [05:42<08:57,  4.33s/it][I 2026-03-22 01:12:52,184] Trial 75 finished with value: 48.99919857537061 and parameters: {'Q_phix': 0.2177802588959717, 'Q_phiy': 5.146459512905401, 'Q_phiz': 3.78387570758423, 'Q_ecx': 19.0121237137724, 'Q_ecy': 2.8172671218251835, 'Q_ecz': 1.1134088925521042, 'Q_elx': 1.1841373942503577, 'Q_ely': 16.549539011224557, 'Q_elz': 8.38534171744012, 'U_T': 0.0050760942276874875, 'U_tx': 705.7293834535284, 'U_ty': 28.041539765371358, 'U_tz': 31.060904814602207, 'Q_wx': 0.4833503773859545, 'Q_wy': 0.014663280956600936, 'Q_wz': 0.2993155367143819, 'Q_s': 0.5600531219897654}. Best is trial 55 with value: 41.99118523587972.
  [Trial  76]  J= 194.425  J_mpcc=183.7284  RMSE_c=2.8809  RMSE_l=4.2668  effort=2136.4  path=100.0%  v̄θ=8.51  t_lap=7.4s  aniso=1.03  (3.9s)
                                                                                     Best trial: 55. Best value: 41.9912:  38%|███▊      | 76/200 [05:45<08:57,  4.33s/it]Best trial: 55. Best value: 41.9912:  38%|███▊      | 76/200 [05:45<08:57,  4.33s/it]Best trial: 55. Best value: 41.9912:  38%|███▊      | 77/200 [05:45<08:35,  4.19s/it][I 2026-03-22 01:12:56,054] Trial 76 finished with value: 194.4249676655562 and parameters: {'Q_phix': 0.1999632440645764, 'Q_phiy': 5.3578846934409, 'Q_phiz': 1.357038881284576, 'Q_ecx': 13.623883577393702, 'Q_ecy': 2.758664001585392, 'Q_ecz': 10.89466968511379, 'Q_elx': 1.178266938311349, 'Q_ely': 16.279041134124324, 'Q_elz': 16.07022300023269, 'U_T': 0.006527403004790261, 'U_tx': 392.974649824008, 'U_ty': 23.229323529388914, 'U_tz': 35.98415932236653, 'Q_wx': 0.4907268257144781, 'Q_wy': 0.014434819345110829, 'Q_wz': 0.019938932127756135, 'Q_s': 0.5529575004817664}. Best is trial 55 with value: 41.99118523587972.
  [Trial  77]  J=  65.008  J_mpcc=61.4687  RMSE_c=0.6986  RMSE_l=0.5207  effort=1332.2  path=100.0%  v̄θ=10.74  t_lap=5.9s  aniso=0.59  (2.9s)
                                                                                     Best trial: 55. Best value: 41.9912:  38%|███▊      | 77/200 [05:48<08:35,  4.19s/it]Best trial: 55. Best value: 41.9912:  38%|███▊      | 77/200 [05:48<08:35,  4.19s/it]Best trial: 55. Best value: 41.9912:  39%|███▉      | 78/200 [05:48<07:44,  3.80s/it][I 2026-03-22 01:12:58,951] Trial 77 finished with value: 65.00756465551284 and parameters: {'Q_phix': 0.28590787204541124, 'Q_phiy': 2.7838847930591846, 'Q_phiz': 3.7333542996269995, 'Q_ecx': 16.36883507892762, 'Q_ecy': 4.143236334875489, 'Q_ecz': 1.124463502512719, 'Q_elx': 1.4589672439097672, 'Q_ely': 10.71926501077279, 'Q_elz': 21.090138037218097, 'U_T': 0.0050946183793501, 'U_tx': 26.067756255925367, 'U_ty': 36.27029844732483, 'U_tz': 155.20175088108837, 'Q_wx': 0.8667556757098448, 'Q_wy': 0.013469909867300702, 'Q_wz': 0.19714656258776989, 'Q_s': 0.9278301827194908}. Best is trial 55 with value: 41.99118523587972.
  [Trial  78]  J=  41.893  J_mpcc=38.7183  RMSE_c=0.5537  RMSE_l=0.7118  effort=1158.4  path=100.0%  v̄θ=10.15  t_lap=6.2s  aniso=0.43  (3.0s)
                                                                                     Best trial: 55. Best value: 41.9912:  39%|███▉      | 78/200 [05:51<07:44,  3.80s/it]Best trial: 78. Best value: 41.8929:  39%|███▉      | 78/200 [05:51<07:44,  3.80s/it]Best trial: 78. Best value: 41.8929:  40%|███▉      | 79/200 [05:51<07:13,  3.58s/it][I 2026-03-22 01:13:02,009] Trial 78 finished with value: 41.89290418960113 and parameters: {'Q_phix': 0.46607552893560455, 'Q_phiy': 3.4292231693989748, 'Q_phiz': 2.0135855872362898, 'Q_ecx': 14.624476121991261, 'Q_ecy': 3.285739906407272, 'Q_ecz': 1.9289663343883563, 'Q_elx': 0.9962782686860712, 'Q_ely': 2.6514063113998563, 'Q_elz': 9.826719838103983, 'U_T': 0.005013807761535129, 'U_tx': 459.3781368001328, 'U_ty': 29.40620149411263, 'U_tz': 22.05211197030638, 'Q_wx': 0.6166229321575282, 'Q_wy': 0.011099212509092883, 'Q_wz': 0.2891246022833408, 'Q_s': 0.5062393531928543}. Best is trial 78 with value: 41.89290418960113.
  [Trial  79]  J=  40.226  J_mpcc=36.3882  RMSE_c=0.7495  RMSE_l=0.6836  effort=974.8  path=100.0%  v̄θ=10.38  t_lap=6.0s  aniso=0.84  (3.0s)
                                                                                     Best trial: 78. Best value: 41.8929:  40%|███▉      | 79/200 [05:54<07:13,  3.58s/it]Best trial: 79. Best value: 40.2265:  40%|███▉      | 79/200 [05:54<07:13,  3.58s/it]Best trial: 79. Best value: 40.2265:  40%|████      | 80/200 [05:54<06:49,  3.41s/it][I 2026-03-22 01:13:05,023] Trial 79 finished with value: 40.226493456032365 and parameters: {'Q_phix': 1.0819620204630802, 'Q_phiy': 0.17205803598691286, 'Q_phiz': 1.8723155924800987, 'Q_ecx': 18.720350080593334, 'Q_ecy': 1.4781225134274116, 'Q_ecz': 1.942766076182215, 'Q_elx': 1.01102292643424, 'Q_ely': 1.6125655813877506, 'Q_elz': 7.44258239142738, 'U_T': 0.005615273729753492, 'U_tx': 436.9903141078465, 'U_ty': 31.017575015380874, 'U_tz': 21.838741853908427, 'Q_wx': 0.6372636772980832, 'Q_wy': 0.010035502682252243, 'Q_wz': 0.3121838237870079, 'Q_s': 0.5164311000540523}. Best is trial 79 with value: 40.226493456032365.
  [Trial  80]  J=80999.888  J_mpcc=79370.9295  RMSE_c=208.1453  RMSE_l=7.5137  effort=493.7  path=0.0%  v̄θ=3.36  t_lap=12.9s  aniso=4.78  (6.7s)
                                                                                     Best trial: 79. Best value: 40.2265:  40%|████      | 80/200 [06:01<06:49,  3.41s/it]Best trial: 79. Best value: 40.2265:  40%|████      | 80/200 [06:01<06:49,  3.41s/it]Best trial: 79. Best value: 40.2265:  40%|████      | 81/200 [06:01<08:42,  4.39s/it][I 2026-03-22 01:13:11,704] Trial 80 finished with value: 80999.88769312904 and parameters: {'Q_phix': 0.8383482493647824, 'Q_phiy': 0.2409038483679976, 'Q_phiz': 0.949679068408251, 'Q_ecx': 18.399367167297022, 'Q_ecy': 1.1777971111220864, 'Q_ecz': 1.8815680786269475, 'Q_elx': 1.0041255382657213, 'Q_ely': 2.0051400987152666, 'Q_elz': 6.273056711445731, 'U_T': 0.005086410264728075, 'U_tx': 460.88644578396907, 'U_ty': 27.783096563567327, 'U_tz': 22.093030640828268, 'Q_wx': 0.6299127849725107, 'Q_wy': 0.010760666110227628, 'Q_wz': 0.409063335543088, 'Q_s': 0.5127558372418098}. Best is trial 79 with value: 40.226493456032365.
  [Trial  81]  J=  46.354  J_mpcc=42.4770  RMSE_c=0.7704  RMSE_l=0.7624  effort=1071.0  path=100.0%  v̄θ=10.59  t_lap=5.9s  aniso=0.90  (3.1s)
                                                                                     Best trial: 79. Best value: 40.2265:  40%|████      | 81/200 [06:04<08:42,  4.39s/it]Best trial: 79. Best value: 40.2265:  40%|████      | 81/200 [06:04<08:42,  4.39s/it]Best trial: 79. Best value: 40.2265:  41%|████      | 82/200 [06:04<07:52,  4.01s/it][I 2026-03-22 01:13:14,815] Trial 81 finished with value: 46.353605164974056 and parameters: {'Q_phix': 1.1486511576453462, 'Q_phiy': 0.15407923482659522, 'Q_phiz': 2.030127601854514, 'Q_ecx': 20.40055180455999, 'Q_ecy': 1.408467993387611, 'Q_ecz': 1.7429071719082485, 'Q_elx': 0.8758085880197858, 'Q_ely': 3.1158431213093523, 'Q_elz': 9.495077355909135, 'U_T': 0.005711317459539355, 'U_tx': 531.1623347445591, 'U_ty': 28.676017056291837, 'U_tz': 28.168566460649494, 'Q_wx': 0.4436103623147451, 'Q_wy': 0.010267934814009127, 'Q_wz': 0.29425054397555145, 'Q_s': 0.638445156516698}. Best is trial 79 with value: 40.226493456032365.
  [Trial  82]  J=  48.138  J_mpcc=43.4370  RMSE_c=1.0367  RMSE_l=1.1287  effort=1540.8  path=100.0%  v̄θ=10.78  t_lap=5.8s  aniso=1.11  (2.9s)
                                                                                     Best trial: 79. Best value: 40.2265:  41%|████      | 82/200 [06:07<07:52,  4.01s/it]Best trial: 79. Best value: 40.2265:  41%|████      | 82/200 [06:07<07:52,  4.01s/it]Best trial: 79. Best value: 40.2265:  42%|████▏     | 83/200 [06:07<07:09,  3.67s/it][I 2026-03-22 01:13:17,707] Trial 82 finished with value: 48.138251974795224 and parameters: {'Q_phix': 1.1595919279924811, 'Q_phiy': 0.21290196300538447, 'Q_phiz': 1.8348951280583903, 'Q_ecx': 20.331099315098637, 'Q_ecy': 1.4497766858447232, 'Q_ecz': 1.7881660540010125, 'Q_elx': 0.6682771777195177, 'Q_ely': 2.8693800834373646, 'Q_elz': 8.525219679640024, 'U_T': 0.005808734765522443, 'U_tx': 348.66266272222873, 'U_ty': 28.41041392260454, 'U_tz': 27.944571159998393, 'Q_wx': 0.9495003161007715, 'Q_wy': 0.010150990260083037, 'Q_wz': 0.30075648381746994, 'Q_s': 0.5551800646061615}. Best is trial 79 with value: 40.226493456032365.
  [Trial  83]  J=  51.936  J_mpcc=46.1750  RMSE_c=1.2751  RMSE_l=1.2781  effort=1371.4  path=100.0%  v̄θ=9.97  t_lap=6.3s  aniso=1.71  (3.2s)
                                                                                     Best trial: 79. Best value: 40.2265:  42%|████▏     | 83/200 [06:10<07:09,  3.67s/it]Best trial: 79. Best value: 40.2265:  42%|████▏     | 83/200 [06:10<07:09,  3.67s/it]Best trial: 79. Best value: 40.2265:  42%|████▏     | 84/200 [06:10<06:50,  3.54s/it][I 2026-03-22 01:13:20,945] Trial 83 finished with value: 51.93553832622478 and parameters: {'Q_phix': 1.0999571100318855, 'Q_phiy': 0.16547870134717188, 'Q_phiz': 1.7962472179137152, 'Q_ecx': 21.030342036188102, 'Q_ecy': 1.4625114896744098, 'Q_ecz': 2.98588694900481, 'Q_elx': 0.6743180298556612, 'Q_ely': 2.7551978229222067, 'Q_elz': 7.29077846136104, 'U_T': 0.005569944197909923, 'U_tx': 284.137406788165, 'U_ty': 22.617561198839287, 'U_tz': 28.31032817891962, 'Q_wx': 1.0532011926167089, 'Q_wy': 0.010246600555168978, 'Q_wz': 0.5226459072309849, 'Q_s': 0.5016620818750192}. Best is trial 79 with value: 40.226493456032365.
  [Trial  84]  J=  54.491  J_mpcc=49.3155  RMSE_c=1.2146  RMSE_l=1.0748  effort=1759.8  path=100.0%  v̄θ=10.83  t_lap=5.8s  aniso=0.95  (3.1s)
                                                                                     Best trial: 79. Best value: 40.2265:  42%|████▏     | 84/200 [06:13<06:50,  3.54s/it]Best trial: 79. Best value: 40.2265:  42%|████▏     | 84/200 [06:13<06:50,  3.54s/it]Best trial: 79. Best value: 40.2265:  42%|████▎     | 85/200 [06:13<06:32,  3.41s/it][I 2026-03-22 01:13:24,050] Trial 84 finished with value: 54.49129588173008 and parameters: {'Q_phix': 1.1120600601660444, 'Q_phiy': 0.22519948014057006, 'Q_phiz': 1.3215249386661372, 'Q_ecx': 14.411400723393752, 'Q_ecy': 1.32403822152294, 'Q_ecz': 2.257425275974347, 'Q_elx': 0.8672861925213766, 'Q_ely': 2.9498761168492273, 'Q_elz': 8.817573132616067, 'U_T': 0.0055395012727881285, 'U_tx': 434.10181365529985, 'U_ty': 27.857426239473213, 'U_tz': 31.363731262343993, 'Q_wx': 1.1936510443010833, 'Q_wy': 0.011387953477471662, 'Q_wz': 0.2982941262254027, 'Q_s': 0.6386800597542936}. Best is trial 79 with value: 40.226493456032365.
  [Trial  85]  J=  53.941  J_mpcc=49.2239  RMSE_c=0.9536  RMSE_l=1.1353  effort=1212.7  path=100.0%  v̄θ=9.97  t_lap=6.3s  aniso=1.45  (3.1s)
                                                                                     Best trial: 79. Best value: 40.2265:  42%|████▎     | 85/200 [06:17<06:32,  3.41s/it]Best trial: 79. Best value: 40.2265:  42%|████▎     | 85/200 [06:17<06:32,  3.41s/it]Best trial: 79. Best value: 40.2265:  43%|████▎     | 86/200 [06:17<06:19,  3.33s/it][I 2026-03-22 01:13:27,197] Trial 85 finished with value: 53.941031609500214 and parameters: {'Q_phix': 1.5962951936295133, 'Q_phiy': 0.14791078412214304, 'Q_phiz': 2.256689032715685, 'Q_ecx': 19.0523877237906, 'Q_ecy': 1.5581397497845482, 'Q_ecz': 2.0380252876206284, 'Q_elx': 0.6607124426581733, 'Q_ely': 1.6604898296349322, 'Q_elz': 9.08074318907764, 'U_T': 0.007518175927692068, 'U_tx': 617.527079689755, 'U_ty': 26.02995745364456, 'U_tz': 25.681011725197493, 'Q_wx': 0.9215050178814448, 'Q_wy': 0.012388673309794302, 'Q_wz': 0.2562829732508693, 'Q_s': 0.5639778797953845}. Best is trial 79 with value: 40.226493456032365.
  [Trial  86]  J=  56.666  J_mpcc=51.6337  RMSE_c=1.1345  RMSE_l=1.0354  effort=1327.1  path=100.0%  v̄θ=10.56  t_lap=6.0s  aniso=1.09  (3.0s)
                                                                                     Best trial: 79. Best value: 40.2265:  43%|████▎     | 86/200 [06:20<06:19,  3.33s/it]Best trial: 79. Best value: 40.2265:  43%|████▎     | 86/200 [06:20<06:19,  3.33s/it]Best trial: 79. Best value: 40.2265:  44%|████▎     | 87/200 [06:20<06:05,  3.23s/it][I 2026-03-22 01:13:30,198] Trial 86 finished with value: 56.66577714930533 and parameters: {'Q_phix': 2.06063315038225, 'Q_phiy': 0.3800240386281963, 'Q_phiz': 2.7549097297338125, 'Q_ecx': 22.295138113928587, 'Q_ecy': 1.0671605581329637, 'Q_ecz': 1.7380843023710406, 'Q_elx': 0.8054093629981062, 'Q_ely': 3.720469678805905, 'Q_elz': 5.94290244739188, 'U_T': 0.005924138863296594, 'U_tx': 350.22204982428855, 'U_ty': 29.616461693636154, 'U_tz': 38.863387805119885, 'Q_wx': 0.7958359034153417, 'Q_wy': 0.010011744801884432, 'Q_wz': 0.3916349329512243, 'Q_s': 0.7260745986853152}. Best is trial 79 with value: 40.226493456032365.
  [Trial  87]  J=  84.298  J_mpcc=76.6655  RMSE_c=1.7547  RMSE_l=2.1767  effort=1778.2  path=100.0%  v̄θ=8.82  t_lap=7.1s  aniso=2.32  (3.7s)
                                                                                     Best trial: 79. Best value: 40.2265:  44%|████▎     | 87/200 [06:23<06:05,  3.23s/it]Best trial: 79. Best value: 40.2265:  44%|████▎     | 87/200 [06:23<06:05,  3.23s/it]Best trial: 79. Best value: 40.2265:  44%|████▍     | 88/200 [06:23<06:17,  3.37s/it][I 2026-03-22 01:13:33,904] Trial 87 finished with value: 84.29829655523288 and parameters: {'Q_phix': 1.1941497747431433, 'Q_phiy': 0.12523373684851308, 'Q_phiz': 1.6011475149209828, 'Q_ecx': 1.7227636231511134, 'Q_ecy': 1.8348633327560613, 'Q_ecz': 2.5760406257924684, 'Q_elx': 1.07001872283418, 'Q_ely': 1.4912281175106263, 'Q_elz': 8.189943038588058, 'U_T': 0.0050083399589149445, 'U_tx': 460.42768880763464, 'U_ty': 20.444535052847964, 'U_tz': 351.3071906840743, 'Q_wx': 0.43238437146224323, 'Q_wy': 0.22461979823537886, 'Q_wz': 0.6087462745765706, 'Q_s': 0.6291553344648416}. Best is trial 79 with value: 40.226493456032365.
  [Trial  88]  J=  55.712  J_mpcc=51.0717  RMSE_c=0.8482  RMSE_l=1.3303  effort=952.1  path=100.0%  v̄θ=9.25  t_lap=6.8s  aniso=1.73  (3.4s)
