                                                                                     Best trial: 79. Best value: 40.2265:  44%|████▍     | 88/200 [06:27<06:17,  3.37s/it]Best trial: 79. Best value: 40.2265:  44%|████▍     | 88/200 [06:27<06:17,  3.37s/it]Best trial: 79. Best value: 40.2265:  44%|████▍     | 89/200 [06:27<06:14,  3.38s/it][I 2026-03-22 01:13:37,289] Trial 88 finished with value: 55.71194076280089 and parameters: {'Q_phix': 0.9816218147403821, 'Q_phiy': 0.16719555830030478, 'Q_phiz': 1.9041763228464919, 'Q_ecx': 20.478148615757153, 'Q_ecy': 1.3869651836749313, 'Q_ecz': 1.8257412837623164, 'Q_elx': 0.5879228725729786, 'Q_ely': 3.476169291932608, 'Q_elz': 5.078510104417844, 'U_T': 0.00891824796069989, 'U_tx': 714.2080856443562, 'U_ty': 22.705757117531153, 'U_tz': 33.52051299490416, 'Q_wx': 0.24636682025537462, 'Q_wy': 0.012968736914790353, 'Q_wz': 0.3045637923073559, 'Q_s': 0.5520115536732455}. Best is trial 79 with value: 40.226493456032365.
  [Trial  89]  J=62738.431  J_mpcc=61188.4725  RMSE_c=181.2827  RMSE_l=10.8812  effort=1231.3  path=0.0%  v̄θ=3.92  t_lap=12.3s  aniso=10.56  (6.3s)
                                                                                     Best trial: 79. Best value: 40.2265:  44%|████▍     | 89/200 [06:33<06:14,  3.38s/it]Best trial: 79. Best value: 40.2265:  44%|████▍     | 89/200 [06:33<06:14,  3.38s/it]Best trial: 79. Best value: 40.2265:  45%|████▌     | 90/200 [06:33<07:50,  4.27s/it][I 2026-03-22 01:13:43,652] Trial 89 finished with value: 62738.431154505815 and parameters: {'Q_phix': 0.7072777899429011, 'Q_phiy': 0.2034060291285949, 'Q_phiz': 0.9750270728521678, 'Q_ecx': 4.654174223054756, 'Q_ecy': 1.0049594726181035, 'Q_ecz': 1.9588995668039868, 'Q_elx': 0.9429023752777531, 'Q_ely': 2.6162925515255453, 'Q_elz': 11.062169693236495, 'U_T': 0.007132434575986048, 'U_tx': 407.2957749915059, 'U_ty': 32.26406482947483, 'U_tz': 21.43029014916523, 'Q_wx': 1.421211177870932, 'Q_wy': 0.0185201537574216, 'Q_wz': 0.23604895784413885, 'Q_s': 0.7414463332251828}. Best is trial 79 with value: 40.226493456032365.
  [Trial  90]  J=  73.280  J_mpcc=66.5390  RMSE_c=1.5281  RMSE_l=2.1511  effort=1863.1  path=100.0%  v̄θ=9.50  t_lap=6.6s  aniso=2.12  (3.2s)
                                                                                     Best trial: 79. Best value: 40.2265:  45%|████▌     | 90/200 [06:36<07:50,  4.27s/it]Best trial: 79. Best value: 40.2265:  45%|████▌     | 90/200 [06:36<07:50,  4.27s/it]Best trial: 79. Best value: 40.2265:  46%|████▌     | 91/200 [06:36<07:12,  3.97s/it][I 2026-03-22 01:13:46,914] Trial 90 finished with value: 73.27976064109387 and parameters: {'Q_phix': 1.4401202067150272, 'Q_phiy': 0.36335957275028047, 'Q_phiz': 3.0121497369105583, 'Q_ecx': 23.60017084752004, 'Q_ecy': 1.528513923930363, 'Q_ecz': 3.51136877805107, 'Q_elx': 0.6941022520866817, 'Q_ely': 2.1630314427148623, 'Q_elz': 3.4600770462352015, 'U_T': 0.0060004197649121726, 'U_tx': 341.38798670970607, 'U_ty': 43.76870883784325, 'U_tz': 28.466627625271308, 'Q_wx': 0.6707627032274348, 'Q_wy': 0.017109050545676335, 'Q_wz': 0.48557941007427685, 'Q_s': 0.6492792051657211}. Best is trial 79 with value: 40.226493456032365.
  [Trial  91]  J=  92.699  J_mpcc=80.5242  RMSE_c=3.6090  RMSE_l=1.9791  effort=1687.7  path=100.0%  v̄θ=10.59  t_lap=5.9s  aniso=0.17  (2.9s)
                                                                                     Best trial: 79. Best value: 40.2265:  46%|████▌     | 91/200 [06:39<07:12,  3.97s/it]Best trial: 79. Best value: 40.2265:  46%|████▌     | 91/200 [06:39<07:12,  3.97s/it]Best trial: 79. Best value: 40.2265:  46%|████▌     | 92/200 [06:39<06:35,  3.66s/it][I 2026-03-22 01:13:49,849] Trial 91 finished with value: 92.69885560147331 and parameters: {'Q_phix': 0.6223937374934951, 'Q_phiy': 0.13062228729899966, 'Q_phiz': 2.1095485954388056, 'Q_ecx': 16.78041209181008, 'Q_ecy': 1.1405204229662183, 'Q_ecz': 1.2596118701435952, 'Q_elx': 1.212260379306824, 'Q_ely': 4.386029778748084, 'Q_elz': 12.982635536948525, 'U_T': 0.007921109108611154, 'U_tx': 541.342921429726, 'U_ty': 28.34194407599663, 'U_tz': 22.122157410912756, 'Q_wx': 0.5839911726446023, 'Q_wy': 0.015918762029150456, 'Q_wz': 0.32882942447031127, 'Q_s': 0.5821750404809793}. Best is trial 79 with value: 40.226493456032365.
  [Trial  92]  J=  46.870  J_mpcc=43.3619  RMSE_c=0.6414  RMSE_l=0.6421  effort=892.4  path=100.0%  v̄θ=9.58  t_lap=6.6s  aniso=0.26  (3.2s)
                                                                                     Best trial: 79. Best value: 40.2265:  46%|████▌     | 92/200 [06:42<06:35,  3.66s/it]Best trial: 79. Best value: 40.2265:  46%|████▌     | 92/200 [06:42<06:35,  3.66s/it]Best trial: 79. Best value: 40.2265:  46%|████▋     | 93/200 [06:42<06:18,  3.54s/it][I 2026-03-22 01:13:53,101] Trial 92 finished with value: 46.870417029072414 and parameters: {'Q_phix': 0.5031223472250308, 'Q_phiy': 0.6053379911438506, 'Q_phiz': 1.436825842371894, 'Q_ecx': 14.846600989121761, 'Q_ecy': 2.4415933674888906, 'Q_ecz': 1.484833902837961, 'Q_elx': 1.6736276364306821, 'Q_ely': 3.113877902883791, 'Q_elz': 9.706262662040881, 'U_T': 0.009269781209956847, 'U_tx': 651.3716573163472, 'U_ty': 26.47374746117665, 'U_tz': 25.34735636968032, 'Q_wx': 0.4048466700503542, 'Q_wy': 0.011319553151977324, 'Q_wz': 0.2181313079115029, 'Q_s': 0.5049732816086492}. Best is trial 79 with value: 40.226493456032365.
  [Trial  93]  J=  48.221  J_mpcc=44.4986  RMSE_c=0.7395  RMSE_l=0.5955  effort=1169.9  path=100.0%  v̄θ=10.02  t_lap=6.3s  aniso=0.31  (3.1s)
                                                                                     Best trial: 79. Best value: 40.2265:  46%|████▋     | 93/200 [06:46<06:18,  3.54s/it]Best trial: 79. Best value: 40.2265:  46%|████▋     | 93/200 [06:46<06:18,  3.54s/it]Best trial: 79. Best value: 40.2265:  47%|████▋     | 94/200 [06:46<06:01,  3.41s/it][I 2026-03-22 01:13:56,227] Trial 93 finished with value: 48.2214446287499 and parameters: {'Q_phix': 0.5271000656560485, 'Q_phiy': 0.48885893840879535, 'Q_phiz': 0.658424641595162, 'Q_ecx': 11.253799520085924, 'Q_ecy': 2.242030946449985, 'Q_ecz': 1.5746058334527344, 'Q_elx': 1.673178985245685, 'Q_ely': 2.9982957941229964, 'Q_elz': 6.879556255862581, 'U_T': 0.006888618996102275, 'U_tx': 658.2613622583639, 'U_ty': 25.078601942746875, 'U_tz': 25.30844397115054, 'Q_wx': 0.39966495549349684, 'Q_wy': 0.011091468808172663, 'Q_wz': 0.26470770113896114, 'Q_s': 0.5334639723055866}. Best is trial 79 with value: 40.226493456032365.
  [Trial  94]  J=2930206.816  J_mpcc=2926618.4072  RMSE_c=1193.6506  RMSE_l=256.7773  effort=434.5  path=99.9%  v̄θ=2.11  t_lap=29.7s  aniso=7.31  (15.9s)
                                                                                     Best trial: 79. Best value: 40.2265:  47%|████▋     | 94/200 [07:02<06:01,  3.41s/it]Best trial: 79. Best value: 40.2265:  47%|████▋     | 94/200 [07:02<06:01,  3.41s/it]Best trial: 79. Best value: 40.2265:  48%|████▊     | 95/200 [07:02<12:32,  7.17s/it][I 2026-03-22 01:14:12,148] Trial 94 finished with value: 2930206.815914709 and parameters: {'Q_phix': 0.5086464480226511, 'Q_phiy': 0.5618338189660864, 'Q_phiz': 0.44230917347163684, 'Q_ecx': 13.195547427047732, 'Q_ecy': 1.2690230378657674, 'Q_ecz': 1.620070957382515, 'Q_elx': 1.7001224977578657, 'Q_ely': 3.15049562960621, 'Q_elz': 9.563534363001502, 'U_T': 0.0068074538933667345, 'U_tx': 630.6374166387066, 'U_ty': 24.46088732716702, 'U_tz': 24.910446179931213, 'Q_wx': 0.3786065938016365, 'Q_wy': 0.011357135292493546, 'Q_wz': 0.26415022096403756, 'Q_s': 0.5041483974161893}. Best is trial 79 with value: 40.226493456032365.
  [Trial  95]  J=  51.509  J_mpcc=47.9600  RMSE_c=0.5632  RMSE_l=0.8424  effort=966.9  path=100.0%  v̄θ=9.61  t_lap=6.5s  aniso=1.20  (3.4s)
                                                                                     Best trial: 79. Best value: 40.2265:  48%|████▊     | 95/200 [07:05<12:32,  7.17s/it]Best trial: 79. Best value: 40.2265:  48%|████▊     | 95/200 [07:05<12:32,  7.17s/it]Best trial: 79. Best value: 40.2265:  48%|████▊     | 96/200 [07:05<10:27,  6.04s/it][I 2026-03-22 01:14:15,548] Trial 95 finished with value: 51.50915429421852 and parameters: {'Q_phix': 0.6477268594734623, 'Q_phiy': 0.5062373616143544, 'Q_phiz': 1.4522259110405187, 'Q_ecx': 14.533952504054067, 'Q_ecy': 2.195353167020597, 'Q_ecz': 2.089104622704918, 'Q_elx': 0.8564278577138807, 'Q_ely': 1.8462722444144888, 'Q_elz': 7.572865163194182, 'U_T': 0.009275299305661634, 'U_tx': 483.5374297629093, 'U_ty': 26.160553393740727, 'U_tz': 26.24855195920422, 'Q_wx': 0.07245351576062378, 'Q_wy': 0.01343492402773782, 'Q_wz': 0.20181122022860495, 'Q_s': 0.5436862521174681}. Best is trial 79 with value: 40.226493456032365.
  [Trial  96]  J=3386504.878  J_mpcc=3382097.8870  RMSE_c=1271.6739  RMSE_l=725.6132  effort=1361.1  path=41.4%  v̄θ=0.88  t_lap=29.7s  aniso=1.44  (15.8s)
                                                                                     Best trial: 79. Best value: 40.2265:  48%|████▊     | 96/200 [07:21<10:27,  6.04s/it]Best trial: 79. Best value: 40.2265:  48%|████▊     | 96/200 [07:21<10:27,  6.04s/it]Best trial: 79. Best value: 40.2265:  48%|████▊     | 97/200 [07:21<15:23,  8.97s/it][I 2026-03-22 01:14:31,362] Trial 96 finished with value: 3386504.878005016 and parameters: {'Q_phix': 0.42986505815309317, 'Q_phiy': 0.6435073944993982, 'Q_phiz': 0.7957981905061035, 'Q_ecx': 10.554930886035036, 'Q_ecy': 1.6534214829003582, 'Q_ecz': 1.5660839780893798, 'Q_elx': 1.062287770925647, 'Q_ely': 2.6143021228122834, 'Q_elz': 11.620525998049457, 'U_T': 0.046023133349003605, 'U_tx': 574.3029178028455, 'U_ty': 31.574651607075214, 'U_tz': 29.200068700321555, 'Q_wx': 0.4173857549695756, 'Q_wy': 0.010093012988691379, 'Q_wz': 0.22637901000080882, 'Q_s': 0.6229859694418967}. Best is trial 79 with value: 40.226493456032365.
  [Trial  97]  J=  66.052  J_mpcc=59.9646  RMSE_c=1.4899  RMSE_l=1.9325  effort=1758.5  path=100.0%  v̄θ=11.06  t_lap=5.7s  aniso=1.38  (2.8s)
                                                                                     Best trial: 79. Best value: 40.2265:  48%|████▊     | 97/200 [07:24<15:23,  8.97s/it]Best trial: 79. Best value: 40.2265:  48%|████▊     | 97/200 [07:24<15:23,  8.97s/it]Best trial: 79. Best value: 40.2265:  49%|████▉     | 98/200 [07:24<12:08,  7.14s/it][I 2026-03-22 01:14:34,229] Trial 97 finished with value: 66.05177129762801 and parameters: {'Q_phix': 1.0000842855495105, 'Q_phiy': 0.2893853514274987, 'Q_phiz': 1.0706710132650272, 'Q_ecx': 11.165805269431319, 'Q_ecy': 2.416729039141424, 'Q_ecz': 1.8013632353015923, 'Q_elx': 1.2218063177983145, 'Q_ely': 2.3808579708332154, 'Q_elz': 6.91999748050175, 'U_T': 0.005797757818628658, 'U_tx': 675.4247308780762, 'U_ty': 27.586414633616908, 'U_tz': 20.11980276150244, 'Q_wx': 0.3226664570090168, 'Q_wy': 0.4061637467440549, 'Q_wz': 0.38217669318908715, 'Q_s': 0.692011876600195}. Best is trial 79 with value: 40.226493456032365.
  [Trial  98]  J=  50.051  J_mpcc=46.1308  RMSE_c=0.8109  RMSE_l=0.7573  effort=1209.3  path=100.0%  v̄θ=10.02  t_lap=6.3s  aniso=0.25  (3.3s)
                                                                                     Best trial: 79. Best value: 40.2265:  49%|████▉     | 98/200 [07:27<12:08,  7.14s/it]Best trial: 79. Best value: 40.2265:  49%|████▉     | 98/200 [07:27<12:08,  7.14s/it]Best trial: 79. Best value: 40.2265:  50%|████▉     | 99/200 [07:27<10:03,  5.98s/it][I 2026-03-22 01:14:37,505] Trial 98 finished with value: 50.050891598506944 and parameters: {'Q_phix': 0.8504274903924174, 'Q_phiy': 0.2018632447402288, 'Q_phiz': 0.6463104563548665, 'Q_ecx': 9.333966124035872, 'Q_ecy': 1.8754446674623317, 'Q_ecz': 1.4660477558840257, 'Q_elx': 0.9248969853336628, 'Q_ely': 4.107867427848867, 'Q_elz': 9.628920743725693, 'U_T': 0.006429066909599422, 'U_tx': 527.8615014404041, 'U_ty': 38.1830113538136, 'U_tz': 24.735594471798937, 'Q_wx': 0.7176172957963884, 'Q_wy': 0.011548403757074955, 'Q_wz': 0.31583911632195505, 'Q_s': 0.5433017680581477}. Best is trial 79 with value: 40.226493456032365.
  [Trial  99]  J=  33.029  J_mpcc=29.4218  RMSE_c=0.8066  RMSE_l=0.8562  effort=1654.6  path=100.0%  v̄θ=12.64  t_lap=5.0s  aniso=0.93  (2.6s)
                                                                                     Best trial: 79. Best value: 40.2265:  50%|████▉     | 99/200 [07:29<10:03,  5.98s/it]Best trial: 99. Best value: 33.0287:  50%|████▉     | 99/200 [07:29<10:03,  5.98s/it]Best trial: 99. Best value: 33.0287:  50%|█████     | 100/200 [07:29<08:17,  4.97s/it][I 2026-03-22 01:14:40,121] Trial 99 finished with value: 33.02870730632683 and parameters: {'Q_phix': 1.8765552664721468, 'Q_phiy': 0.4372029809547866, 'Q_phiz': 0.5820830729565343, 'Q_ecx': 27.38468185787387, 'Q_ecy': 2.0997636542778815, 'Q_ecz': 2.229290348202429, 'Q_elx': 2.3281319044110274, 'Q_ely': 3.1249263695310407, 'Q_elz': 5.964289949688435, 'U_T': 0.005448428949171746, 'U_tx': 423.0812758482381, 'U_ty': 21.605793424709898, 'U_tz': 21.66553293116151, 'Q_wx': 0.7862594430017501, 'Q_wy': 0.013226913192708063, 'Q_wz': 0.2885808006153129, 'Q_s': 0.504239150662938}. Best is trial 99 with value: 33.02870730632683.
  [Trial 100]  J=  54.208  J_mpcc=50.0608  RMSE_c=0.8212  RMSE_l=0.7351  effort=1409.8  path=100.0%  v̄θ=9.91  t_lap=6.3s  aniso=0.82  (3.4s)
                                                                                      Best trial: 99. Best value: 33.0287:  50%|█████     | 100/200 [07:33<08:17,  4.97s/it]Best trial: 99. Best value: 33.0287:  50%|█████     | 100/200 [07:33<08:17,  4.97s/it]Best trial: 99. Best value: 33.0287:  50%|█████     | 101/200 [07:33<07:25,  4.50s/it][I 2026-03-22 01:14:43,512] Trial 100 finished with value: 54.207677250370836 and parameters: {'Q_phix': 3.282770454780723, 'Q_phiy': 0.8827009943310953, 'Q_phiz': 0.7337613388938498, 'Q_ecx': 27.517919276988124, 'Q_ecy': 1.9562550236231178, 'Q_ecz': 2.2993484729422895, 'Q_elx': 1.7107046859771076, 'Q_ely': 3.4150224275378998, 'Q_elz': 4.531342399183534, 'U_T': 0.008032672294186693, 'U_tx': 373.8759042079073, 'U_ty': 21.475006773769433, 'U_tz': 21.605686016777497, 'Q_wx': 0.8398663769310217, 'Q_wy': 0.013673995849995102, 'Q_wz': 0.4415294756525953, 'Q_s': 0.5000492382634756}. Best is trial 99 with value: 33.02870730632683.
  [Trial 101]  J=  38.269  J_mpcc=34.6143  RMSE_c=0.8553  RMSE_l=0.8447  effort=1652.2  path=100.0%  v̄θ=12.20  t_lap=5.2s  aniso=0.33  (2.6s)
                                                                                      Best trial: 99. Best value: 33.0287:  50%|█████     | 101/200 [07:36<07:25,  4.50s/it]Best trial: 99. Best value: 33.0287:  50%|█████     | 101/200 [07:36<07:25,  4.50s/it]Best trial: 99. Best value: 33.0287:  51%|█████     | 102/200 [07:36<06:26,  3.95s/it][I 2026-03-22 01:14:46,180] Trial 101 finished with value: 38.26864828036411 and parameters: {'Q_phix': 1.9683843020105427, 'Q_phiy': 0.36653094514270573, 'Q_phiz': 0.4430601159404132, 'Q_ecx': 25.32671545371084, 'Q_ecy': 1.7564314903259461, 'Q_ecz': 1.9597165803889087, 'Q_elx': 2.40480396274909, 'Q_ely': 2.9167378535715276, 'Q_elz': 6.172549225390064, 'U_T': 0.005469249070823554, 'U_tx': 432.3888126197487, 'U_ty': 24.89999070937868, 'U_tz': 23.401183052211078, 'Q_wx': 0.9180743015214393, 'Q_wy': 0.011702578908010863, 'Q_wz': 0.2808126174433314, 'Q_s': 0.6029737372596606}. Best is trial 99 with value: 33.02870730632683.
  [Trial 102]  J=  63.092  J_mpcc=58.4364  RMSE_c=0.9065  RMSE_l=0.5491  effort=1254.7  path=100.0%  v̄θ=9.43  t_lap=6.7s  aniso=1.33  (3.5s)
                                                                                      Best trial: 99. Best value: 33.0287:  51%|█████     | 102/200 [07:39<06:26,  3.95s/it]Best trial: 99. Best value: 33.0287:  51%|█████     | 102/200 [07:39<06:26,  3.95s/it]Best trial: 99. Best value: 33.0287:  52%|█████▏    | 103/200 [07:39<06:09,  3.81s/it][I 2026-03-22 01:14:49,663] Trial 102 finished with value: 63.09191821648102 and parameters: {'Q_phix': 1.8641449364190055, 'Q_phiy': 0.44308418061707994, 'Q_phiz': 0.5897098634264647, 'Q_ecx': 29.969516174036933, 'Q_ecy': 1.7538903491144373, 'Q_ecz': 2.735876468860196, 'Q_elx': 2.487084076760177, 'Q_ely': 3.0145989211197866, 'Q_elz': 6.265449594036911, 'U_T': 0.005631129497745345, 'U_tx': 417.0813521278293, 'U_ty': 24.391970984812996, 'U_tz': 24.21907082716366, 'Q_wx': 1.0763743332570985, 'Q_wy': 0.011946625226761345, 'Q_wz': 0.21805056655345822, 'Q_s': 0.6098876105685302}. Best is trial 99 with value: 33.02870730632683.
  [Trial 103]  J=  82.187  J_mpcc=77.6507  RMSE_c=0.9442  RMSE_l=0.6667  effort=1502.1  path=100.0%  v̄θ=9.28  t_lap=6.8s  aniso=0.44  (3.6s)
                                                                                      Best trial: 99. Best value: 33.0287:  52%|█████▏    | 103/200 [07:43<06:09,  3.81s/it]Best trial: 99. Best value: 33.0287:  52%|█████▏    | 103/200 [07:43<06:09,  3.81s/it]Best trial: 99. Best value: 33.0287:  52%|█████▏    | 104/200 [07:43<05:59,  3.74s/it][I 2026-03-22 01:14:53,252] Trial 103 finished with value: 82.18670970397214 and parameters: {'Q_phix': 1.6650744890718163, 'Q_phiy': 0.43163534621220173, 'Q_phiz': 0.35240264692082723, 'Q_ecx': 25.085232433702583, 'Q_ecy': 2.1477913222980822, 'Q_ecz': 1.8935061339781825, 'Q_elx': 2.3342280963305373, 'Q_ely': 2.2281147022264842, 'Q_elz': 5.708290663006738, 'U_T': 0.006797026223764112, 'U_tx': 455.06321188546565, 'U_ty': 21.873394850900684, 'U_tz': 23.040456927863243, 'Q_wx': 0.9320165177089388, 'Q_wy': 0.010048527291911618, 'Q_wz': 0.27072177044143886, 'Q_s': 0.7198894344194515}. Best is trial 99 with value: 33.02870730632683.
  [Trial 104]  J=141927.543  J_mpcc=140234.2680  RMSE_c=229.7642  RMSE_l=9.0871  effort=1574.3  path=0.0%  v̄θ=0.89  t_lap=11.4s  aniso=2.48  (6.2s)
                                                                                      Best trial: 99. Best value: 33.0287:  52%|█████▏    | 104/200 [07:49<05:59,  3.74s/it]Best trial: 99. Best value: 33.0287:  52%|█████▏    | 104/200 [07:49<05:59,  3.74s/it]Best trial: 99. Best value: 33.0287:  52%|█████▎    | 105/200 [07:49<07:05,  4.48s/it][I 2026-03-22 01:14:59,451] Trial 104 finished with value: 141927.54347652453 and parameters: {'Q_phix': 1.432443996120439, 'Q_phiy': 0.5977441244216803, 'Q_phiz': 0.40553133370680794, 'Q_ecx': 26.027065832370397, 'Q_ecy': 1.2024724723180058, 'Q_ecz': 2.1423197881459752, 'Q_elx': 3.3667617084823473, 'Q_ely': 2.8061183572521355, 'Q_elz': 5.238052875959693, 'U_T': 0.006227857320933867, 'U_tx': 500.5578218632807, 'U_ty': 33.13548750234228, 'U_tz': 26.575545996161242, 'Q_wx': 0.6311478941521461, 'Q_wy': 1.148358534782561, 'Q_wz': 0.35025233619049406, 'Q_s': 0.6615287055902502}. Best is trial 99 with value: 33.02870730632683.
  [Trial 105]  J=  88.085  J_mpcc=83.6113  RMSE_c=0.8270  RMSE_l=0.6436  effort=1417.7  path=100.0%  v̄θ=8.74  t_lap=7.2s  aniso=1.00  (3.8s)
                                                                                      Best trial: 99. Best value: 33.0287:  52%|█████▎    | 105/200 [07:53<07:05,  4.48s/it]Best trial: 99. Best value: 33.0287:  52%|█████▎    | 105/200 [07:53<07:05,  4.48s/it]Best trial: 99. Best value: 33.0287:  53%|█████▎    | 106/200 [07:53<06:42,  4.28s/it][I 2026-03-22 01:15:03,255] Trial 105 finished with value: 88.08546995982014 and parameters: {'Q_phix': 2.2682747473053833, 'Q_phiy': 0.3260023395302174, 'Q_phiz': 0.299612123605693, 'Q_ecx': 28.049888345295546, 'Q_ecy': 1.4829139330205137, 'Q_ecz': 1.7004889882796392, 'Q_elx': 2.101043531603025, 'Q_ely': 3.444941153035383, 'Q_elz': 6.9091910588521674, 'U_T': 0.005460009001319797, 'U_tx': 334.2674226935589, 'U_ty': 29.544729997068316, 'U_tz': 21.416763060372947, 'Q_wx': 1.3490666171656809, 'Q_wy': 0.013087804537023347, 'Q_wz': 0.1873501484241465, 'Q_s': 0.8154518796956309}. Best is trial 99 with value: 33.02870730632683.
  [Trial 106]  J=  70.522  J_mpcc=65.9649  RMSE_c=0.8457  RMSE_l=0.6802  effort=1383.0  path=100.0%  v̄θ=8.99  t_lap=7.0s  aniso=1.28  (3.8s)
                                                                                      Best trial: 99. Best value: 33.0287:  53%|█████▎    | 106/200 [07:56<06:42,  4.28s/it]Best trial: 99. Best value: 33.0287:  53%|█████▎    | 106/200 [07:56<06:42,  4.28s/it]Best trial: 99. Best value: 33.0287:  54%|█████▎    | 107/200 [07:56<06:24,  4.13s/it][I 2026-03-22 01:15:07,053] Trial 106 finished with value: 70.52197442037637 and parameters: {'Q_phix': 2.3280729712397954, 'Q_phiy': 0.4647586889835759, 'Q_phiz': 0.5659886752673948, 'Q_ecx': 23.30135567049767, 'Q_ecy': 2.269648932795769, 'Q_ecz': 1.9943458088273778, 'Q_elx': 2.9222918636542796, 'Q_ely': 2.488724049147056, 'Q_elz': 3.854656394603611, 'U_T': 0.007765177392269786, 'U_tx': 592.334625342947, 'U_ty': 20.26653134544509, 'U_tz': 28.76080360208477, 'Q_wx': 0.786678321141132, 'Q_wy': 0.0112417503641393, 'Q_wz': 0.2567617669269932, 'Q_s': 0.6025752119272375}. Best is trial 99 with value: 33.02870730632683.
  [Trial 107]  J= 874.785  J_mpcc=869.9273  RMSE_c=1.0710  RMSE_l=1.1947  effort=1762.3  path=100.0%  v̄θ=11.10  t_lap=5.7s  aniso=1.50  (3.1s)
