                                                                                     Best trial: 30. Best value: 53.3395:  16%|█▌        | 31/200 [02:02<09:41,  3.44s/it]Best trial: 31. Best value: 50.3994:  16%|█▌        | 31/200 [02:02<09:41,  3.44s/it]Best trial: 31. Best value: 50.3994:  16%|█▌        | 32/200 [02:02<09:26,  3.37s/it][I 2026-03-22 01:09:12,598] Trial 31 finished with value: 50.39935948146522 and parameters: {'Q_phix': 0.2491251481307655, 'Q_phiy': 9.509321276040561, 'Q_phiz': 5.061309605918753, 'Q_ecx': 19.782701038845374, 'Q_ecy': 2.5135806242987773, 'Q_ecz': 1.0598771309860637, 'Q_elx': 1.9171306682467317, 'Q_ely': 18.23509706015611, 'Q_elz': 8.223813669387177, 'U_T': 0.007266850155575934, 'U_tx': 796.7562481188473, 'U_ty': 84.0959968064188, 'U_tz': 31.191447288783436, 'Q_wx': 0.3329331223706176, 'Q_wy': 0.03729809771152243, 'Q_wz': 0.34444184000346456, 'Q_s': 0.5591247025123148}. Best is trial 31 with value: 50.39935948146522.
  [Trial  32]  J=  59.259  J_mpcc=54.3860  RMSE_c=1.1303  RMSE_l=0.9017  effort=1841.9  path=100.0%  v̄θ=10.63  t_lap=5.9s  aniso=0.65  (3.1s)
                                                                                     Best trial: 31. Best value: 50.3994:  16%|█▌        | 32/200 [02:05<09:26,  3.37s/it]Best trial: 31. Best value: 50.3994:  16%|█▌        | 32/200 [02:05<09:26,  3.37s/it]Best trial: 31. Best value: 50.3994:  16%|█▋        | 33/200 [02:05<09:12,  3.31s/it][I 2026-03-22 01:09:15,757] Trial 32 finished with value: 59.259289011668756 and parameters: {'Q_phix': 0.18129933562140127, 'Q_phiy': 10.70986646927058, 'Q_phiz': 4.753943945090444, 'Q_ecx': 21.66168595233331, 'Q_ecy': 2.4149256188785713, 'Q_ecz': 1.282619076092014, 'Q_elx': 2.065136876308723, 'Q_ely': 17.547685091480574, 'Q_elz': 6.619591611145411, 'U_T': 0.006785515923828476, 'U_tx': 690.6808280774397, 'U_ty': 87.79933759692425, 'U_tz': 30.323181900331065, 'Q_wx': 0.3475063559975304, 'Q_wy': 0.03015764457597644, 'Q_wz': 0.36251882309535277, 'Q_s': 0.670658546939843}. Best is trial 31 with value: 50.39935948146522.
  [Trial  33]  J= 161.005  J_mpcc=146.0210  RMSE_c=4.3293  RMSE_l=3.7146  effort=1760.2  path=100.0%  v̄θ=8.41  t_lap=7.5s  aniso=0.75  (3.8s)
                                                                                     Best trial: 31. Best value: 50.3994:  16%|█▋        | 33/200 [02:09<09:12,  3.31s/it]Best trial: 31. Best value: 50.3994:  16%|█▋        | 33/200 [02:09<09:12,  3.31s/it]Best trial: 31. Best value: 50.3994:  17%|█▋        | 34/200 [02:09<09:36,  3.47s/it][I 2026-03-22 01:09:19,608] Trial 33 finished with value: 161.0045921639588 and parameters: {'Q_phix': 0.11827780529228822, 'Q_phiy': 11.227719589516317, 'Q_phiz': 6.617916656528229, 'Q_ecx': 9.58136563982216, 'Q_ecy': 2.164164930823268, 'Q_ecz': 1.857368132811187, 'Q_elx': 1.2957036318477488, 'Q_ely': 15.09081766294134, 'Q_elz': 4.3918326211838306, 'U_T': 0.007320539219515091, 'U_tx': 558.3059561420156, 'U_ty': 42.08674007579842, 'U_tz': 21.04415063759962, 'Q_wx': 0.33398644618107587, 'Q_wy': 0.018294446877102362, 'Q_wz': 0.3412187284026312, 'Q_s': 0.6921288251843523}. Best is trial 31 with value: 50.39935948146522.
  [Trial  34]  J= 416.952  J_mpcc=394.1966  RMSE_c=6.5431  RMSE_l=7.0786  effort=2087.6  path=100.0%  v̄θ=5.77  t_lap=10.9s  aniso=1.99  (6.1s)
                                                                                     Best trial: 31. Best value: 50.3994:  17%|█▋        | 34/200 [02:15<09:36,  3.47s/it]Best trial: 31. Best value: 50.3994:  17%|█▋        | 34/200 [02:15<09:36,  3.47s/it]Best trial: 31. Best value: 50.3994:  18%|█▊        | 35/200 [02:15<11:42,  4.26s/it][I 2026-03-22 01:09:25,712] Trial 34 finished with value: 416.9522357572667 and parameters: {'Q_phix': 0.19301610404625055, 'Q_phiy': 9.153493181916614, 'Q_phiz': 17.616249927987152, 'Q_ecx': 10.923961541424218, 'Q_ecy': 2.0834436895801005, 'Q_ecz': 1.3585131972035571, 'Q_elx': 1.8716388992925437, 'Q_ely': 10.628260013014211, 'Q_elz': 10.58157761266261, 'U_T': 0.011776946026137053, 'U_tx': 761.5131116703409, 'U_ty': 87.49137699845568, 'U_tz': 28.62062788994447, 'Q_wx': 0.35787309387767674, 'Q_wy': 0.02794129031115148, 'Q_wz': 0.3547007539263941, 'Q_s': 0.742087775229359}. Best is trial 31 with value: 50.39935948146522.
  [Trial  35]  J=  59.774  J_mpcc=55.3440  RMSE_c=0.8630  RMSE_l=0.9484  effort=1269.1  path=100.0%  v̄θ=8.69  t_lap=7.2s  aniso=0.46  (3.7s)
                                                                                     Best trial: 31. Best value: 50.3994:  18%|█▊        | 35/200 [02:19<11:42,  4.26s/it]Best trial: 31. Best value: 50.3994:  18%|█▊        | 35/200 [02:19<11:42,  4.26s/it]Best trial: 31. Best value: 50.3994:  18%|█▊        | 36/200 [02:19<11:12,  4.10s/it][I 2026-03-22 01:09:29,439] Trial 35 finished with value: 59.7743892826464 and parameters: {'Q_phix': 0.30563405700388663, 'Q_phiy': 6.0923698065420755, 'Q_phiz': 4.317135763411553, 'Q_ecx': 7.436639229922797, 'Q_ecy': 2.603263952866567, 'Q_ecz': 1.700721828162437, 'Q_elx': 0.5918810986547536, 'Q_ely': 17.40567530878166, 'Q_elz': 15.360282415285706, 'U_T': 0.005193734566313056, 'U_tx': 434.50301539252604, 'U_ty': 60.707134755503354, 'U_tz': 60.43808971566237, 'Q_wx': 0.8348668107017162, 'Q_wy': 0.010277340282182036, 'Q_wz': 0.28842155917449297, 'Q_s': 0.5090580608334285}. Best is trial 31 with value: 50.39935948146522.
  [Trial  36]  J=25811.740  J_mpcc=25459.7104  RMSE_c=115.7107  RMSE_l=46.0886  effort=3304.2  path=100.0%  v̄θ=2.44  t_lap=25.8s  aniso=0.48  (16.1s)
                                                                                     Best trial: 31. Best value: 50.3994:  18%|█▊        | 36/200 [02:35<11:12,  4.10s/it]Best trial: 31. Best value: 50.3994:  18%|█▊        | 36/200 [02:35<11:12,  4.10s/it]Best trial: 31. Best value: 50.3994:  18%|█▊        | 37/200 [02:35<20:54,  7.70s/it][I 2026-03-22 01:09:45,532] Trial 36 finished with value: 25811.73991407009 and parameters: {'Q_phix': 0.10212592133788355, 'Q_phiy': 12.248821243171422, 'Q_phiz': 7.755159177050784, 'Q_ecx': 22.412450113938863, 'Q_ecy': 1.325572129303819, 'Q_ecz': 1.2724244638586861, 'Q_elx': 1.7914317491473846, 'Q_ely': 13.020915452101715, 'Q_elz': 5.415727633063007, 'U_T': 0.008190174957815249, 'U_tx': 554.2538474484934, 'U_ty': 46.49919669500771, 'U_tz': 29.38502314829868, 'Q_wx': 0.286678132221112, 'Q_wy': 0.01832926981150459, 'Q_wz': 0.6076055033908238, 'Q_s': 0.7600624971036958}. Best is trial 31 with value: 50.39935948146522.
  [Trial  37]  J=27817.182  J_mpcc=26477.3831  RMSE_c=112.0507  RMSE_l=25.0232  effort=2319.6  path=0.0%  v̄θ=2.77  t_lap=9.2s  aniso=3.05  (5.3s)
                                                                                     Best trial: 31. Best value: 50.3994:  18%|█▊        | 37/200 [02:40<20:54,  7.70s/it]Best trial: 31. Best value: 50.3994:  18%|█▊        | 37/200 [02:40<20:54,  7.70s/it]Best trial: 31. Best value: 50.3994:  19%|█▉        | 38/200 [02:40<18:50,  6.98s/it][I 2026-03-22 01:09:50,838] Trial 37 finished with value: 27817.18168468341 and parameters: {'Q_phix': 0.2064974142453077, 'Q_phiy': 5.596442734318523, 'Q_phiz': 4.514777862565105, 'Q_ecx': 17.977808272424255, 'Q_ecy': 4.096316382907508, 'Q_ecz': 1.5538837823726743, 'Q_elx': 0.8981926181175244, 'Q_ely': 8.683691261964224, 'Q_elz': 6.595357658677621, 'U_T': 0.013330174568305203, 'U_tx': 345.5129893900065, 'U_ty': 158.2554739816736, 'U_tz': 67.87924745311722, 'Q_wx': 0.25898655341360205, 'Q_wy': 0.03403857277101843, 'Q_wz': 0.13271472989034294, 'Q_s': 1.3072809815778417}. Best is trial 31 with value: 50.39935948146522.
  [Trial  38]  J=39750.898  J_mpcc=38429.1682  RMSE_c=106.1021  RMSE_l=33.6605  effort=4059.3  path=0.0%  v̄θ=2.99  t_lap=14.1s  aniso=0.47  (8.8s)
                                                                                     Best trial: 31. Best value: 50.3994:  19%|█▉        | 38/200 [02:49<18:50,  6.98s/it]Best trial: 31. Best value: 50.3994:  19%|█▉        | 38/200 [02:49<18:50,  6.98s/it]Best trial: 31. Best value: 50.3994:  20%|█▉        | 39/200 [02:49<20:13,  7.54s/it][I 2026-03-22 01:09:59,680] Trial 38 finished with value: 39750.89805312875 and parameters: {'Q_phix': 0.44162696949555535, 'Q_phiy': 10.215539768607538, 'Q_phiz': 2.805420539221864, 'Q_ecx': 23.894123370605854, 'Q_ecy': 1.718484498225911, 'Q_ecz': 1.204241439102278, 'Q_elx': 2.685798445234923, 'Q_ely': 5.240130302785246, 'Q_elz': 13.969893599655594, 'U_T': 0.006095686358628582, 'U_tx': 644.9203963586457, 'U_ty': 104.67112521535228, 'U_tz': 20.176622722841618, 'Q_wx': 0.4239968647399261, 'Q_wy': 0.2054024096379544, 'Q_wz': 0.1381936264094506, 'Q_s': 0.6137888037746229}. Best is trial 31 with value: 50.39935948146522.
  [Trial  39]  J=5600.290  J_mpcc=5533.5021  RMSE_c=20.9421  RMSE_l=37.6498  effort=2791.7  path=100.0%  v̄θ=4.31  t_lap=14.6s  aniso=2.66  (8.6s)
                                                                                     Best trial: 31. Best value: 50.3994:  20%|█▉        | 39/200 [02:58<20:13,  7.54s/it]Best trial: 31. Best value: 50.3994:  20%|█▉        | 39/200 [02:58<20:13,  7.54s/it]Best trial: 31. Best value: 50.3994:  20%|██        | 40/200 [02:58<20:57,  7.86s/it][I 2026-03-22 01:10:08,289] Trial 39 finished with value: 5600.289576877911 and parameters: {'Q_phix': 0.16131258283274588, 'Q_phiy': 8.30632408118502, 'Q_phiz': 8.348749129480424, 'Q_ecx': 6.746949247646658, 'Q_ecy': 4.852466392682411, 'Q_ecz': 1.846935723709067, 'Q_elx': 1.5373824986629654, 'Q_ely': 15.611640484376277, 'Q_elz': 9.612553466168196, 'U_T': 0.023934704956018658, 'U_tx': 505.32719894793405, 'U_ty': 110.25470246453216, 'U_tz': 52.108436116378385, 'Q_wx': 0.13854330220455682, 'Q_wy': 0.04755069171026525, 'Q_wz': 0.40297844595829535, 'Q_s': 0.8880531851850598}. Best is trial 31 with value: 50.39935948146522.
  [Trial  40]  J= 111.231  J_mpcc=107.1140  RMSE_c=0.9127  RMSE_l=0.5232  effort=1335.2  path=100.0%  v̄θ=10.49  t_lap=6.0s  aniso=0.21  (3.1s)
                                                                                     Best trial: 31. Best value: 50.3994:  20%|██        | 40/200 [03:01<20:57,  7.86s/it]Best trial: 31. Best value: 50.3994:  20%|██        | 40/200 [03:01<20:57,  7.86s/it]Best trial: 31. Best value: 50.3994:  20%|██        | 41/200 [03:01<17:01,  6.43s/it][I 2026-03-22 01:10:11,370] Trial 40 finished with value: 111.23066138891355 and parameters: {'Q_phix': 0.6740079911262137, 'Q_phiy': 14.744796296321702, 'Q_phiz': 3.682981332477475, 'Q_ecx': 17.538030762966137, 'Q_ecy': 3.3026619420361096, 'Q_ecz': 2.7395597193465155, 'Q_elx': 3.281803030335713, 'Q_ely': 12.376063558836545, 'Q_elz': 7.036168674576025, 'U_T': 0.010022669850666804, 'U_tx': 681.4895428008776, 'U_ty': 21.464087315337927, 'U_tz': 26.445648962581878, 'Q_wx': 0.874340356959894, 'Q_wy': 0.058950270364613824, 'Q_wz': 0.6306488578765815, 'Q_s': 1.4377962058120823}. Best is trial 31 with value: 50.39935948146522.
  [Trial  41]  J=  59.377  J_mpcc=54.8668  RMSE_c=0.8949  RMSE_l=0.9744  effort=1266.7  path=100.0%  v̄θ=8.63  t_lap=7.3s  aniso=0.36  (3.8s)
                                                                                     Best trial: 31. Best value: 50.3994:  20%|██        | 41/200 [03:05<17:01,  6.43s/it]Best trial: 31. Best value: 50.3994:  20%|██        | 41/200 [03:05<17:01,  6.43s/it]Best trial: 31. Best value: 50.3994:  21%|██        | 42/200 [03:05<14:49,  5.63s/it][I 2026-03-22 01:10:15,151] Trial 41 finished with value: 59.3770244472378 and parameters: {'Q_phix': 0.2650619336981747, 'Q_phiy': 6.091356484588383, 'Q_phiz': 4.690236631859336, 'Q_ecx': 5.862528751268955, 'Q_ecy': 2.5409202384474425, 'Q_ecz': 1.5527618595172992, 'Q_elx': 0.5466930905838571, 'Q_ely': 19.10118297730157, 'Q_elz': 15.331840874910526, 'U_T': 0.0052191534123557076, 'U_tx': 449.6637147406055, 'U_ty': 73.10645449077283, 'U_tz': 35.632011330460934, 'Q_wx': 0.7769365860484545, 'Q_wy': 0.010006354189750695, 'Q_wz': 0.27979473303346575, 'Q_s': 0.5019354692896681}. Best is trial 31 with value: 50.39935948146522.
  [Trial  42]  J=  68.778  J_mpcc=63.6709  RMSE_c=1.1930  RMSE_l=0.8667  effort=1755.4  path=100.0%  v̄θ=10.02  t_lap=6.3s  aniso=0.39  (3.2s)
                                                                                     Best trial: 31. Best value: 50.3994:  21%|██        | 42/200 [03:08<14:49,  5.63s/it]Best trial: 31. Best value: 50.3994:  21%|██        | 42/200 [03:08<14:49,  5.63s/it]Best trial: 31. Best value: 50.3994:  22%|██▏       | 43/200 [03:08<12:51,  4.91s/it][I 2026-03-22 01:10:18,389] Trial 42 finished with value: 68.77810000319496 and parameters: {'Q_phix': 0.25081700944318686, 'Q_phiy': 6.905141813200656, 'Q_phiz': 5.5648207587962455, 'Q_ecx': 24.315730678993173, 'Q_ecy': 2.273921305226773, 'Q_ecz': 1.4288101730416345, 'Q_elx': 1.0091358009272455, 'Q_ely': 19.24156442359586, 'Q_elz': 12.045092964134868, 'U_T': 0.006290365599291134, 'U_tx': 493.67597319714355, 'U_ty': 75.69127558279949, 'U_tz': 36.334460329287495, 'Q_wx': 1.1004830159439185, 'Q_wy': 0.013095798823035293, 'Q_wz': 0.3275645213139291, 'Q_s': 0.6400932249852639}. Best is trial 31 with value: 50.39935948146522.
  [Trial  43]  J=  89.666  J_mpcc=82.4882  RMSE_c=1.7105  RMSE_l=2.7849  effort=2139.1  path=100.0%  v̄θ=9.09  t_lap=6.9s  aniso=1.44  (3.7s)
                                                                                     Best trial: 31. Best value: 50.3994:  22%|██▏       | 43/200 [03:11<12:51,  4.91s/it]Best trial: 31. Best value: 50.3994:  22%|██▏       | 43/200 [03:11<12:51,  4.91s/it]Best trial: 31. Best value: 50.3994:  22%|██▏       | 44/200 [03:11<11:49,  4.55s/it][I 2026-03-22 01:10:22,088] Trial 43 finished with value: 89.66571597084422 and parameters: {'Q_phix': 0.40764421172400644, 'Q_phiy': 4.838216730708988, 'Q_phiz': 2.5261755381853, 'Q_ecx': 5.6196401114459995, 'Q_ecy': 1.6945185109460996, 'Q_ecz': 1.198226776299031, 'Q_elx': 0.5012360856091619, 'Q_ely': 23.31636966043821, 'Q_elz': 8.13900763512692, 'U_T': 0.005137257161151904, 'U_tx': 313.2846703592112, 'U_ty': 157.4687092238407, 'U_tz': 78.42806055432062, 'Q_wx': 0.6762653852536766, 'Q_wy': 0.022079842597080145, 'Q_wz': 0.24407680965272496, 'Q_s': 0.7787109501815594}. Best is trial 31 with value: 50.39935948146522.
  [Trial  44]  J=64225.213  J_mpcc=62720.1361  RMSE_c=167.1156  RMSE_l=5.8732  effort=710.5  path=0.0%  v̄θ=1.07  t_lap=9.2s  aniso=2.58  (4.9s)
                                                                                     Best trial: 31. Best value: 50.3994:  22%|██▏       | 44/200 [03:16<11:49,  4.55s/it]Best trial: 31. Best value: 50.3994:  22%|██▏       | 44/200 [03:16<11:49,  4.55s/it]Best trial: 31. Best value: 50.3994:  22%|██▎       | 45/200 [03:16<12:01,  4.66s/it][I 2026-03-22 01:10:26,990] Trial 44 finished with value: 64225.2126572345 and parameters: {'Q_phix': 0.1315766668984423, 'Q_phiy': 15.11753115423315, 'Q_phiz': 9.998602077923598, 'Q_ecx': 11.841462307089845, 'Q_ecy': 1.1042027183865348, 'Q_ecz': 1.9219512905754255, 'Q_elx': 0.7439525715284363, 'Q_ely': 10.418011260204944, 'Q_elz': 20.919227459353326, 'U_T': 0.007906848830035439, 'U_tx': 438.4581177221052, 'U_ty': 50.52060787158637, 'U_tz': 39.23366576017954, 'Q_wx': 0.28430666931670756, 'Q_wy': 0.03133345580404473, 'Q_wz': 0.16440476316539832, 'Q_s': 0.6173448623033879}. Best is trial 31 with value: 50.39935948146522.
  [Trial  45]  J=385936.932  J_mpcc=384100.3171  RMSE_c=277.7001  RMSE_l=94.7958  effort=2450.7  path=0.0%  v̄θ=3.25  t_lap=13.2s  aniso=1.24  (8.3s)
                                                                                     Best trial: 31. Best value: 50.3994:  22%|██▎       | 45/200 [03:25<12:01,  4.66s/it]Best trial: 31. Best value: 50.3994:  22%|██▎       | 45/200 [03:25<12:01,  4.66s/it]Best trial: 31. Best value: 50.3994:  23%|██▎       | 46/200 [03:25<14:44,  5.74s/it][I 2026-03-22 01:10:35,272] Trial 45 finished with value: 385936.93203384825 and parameters: {'Q_phix': 0.17277789809918614, 'Q_phiy': 8.551937654548222, 'Q_phiz': 16.296233826980195, 'Q_ecx': 8.854523544523232, 'Q_ecy': 2.562599683763565, 'Q_ecz': 5.536936821989252, 'Q_elx': 2.250557302396062, 'Q_ely': 16.84692662269456, 'Q_elz': 5.566637746814285, 'U_T': 0.010438058844802063, 'U_tx': 680.8242639080156, 'U_ty': 118.85549095912185, 'U_tz': 31.97298562426628, 'Q_wx': 0.39066241795170537, 'Q_wy': 0.11633936294375602, 'Q_wz': 1.144237900506215, 'Q_s': 0.516117914879278}. Best is trial 31 with value: 50.39935948146522.
  [Trial  46]  J=  53.424  J_mpcc=50.5450  RMSE_c=0.5236  RMSE_l=0.4314  effort=1230.0  path=100.0%  v̄θ=10.96  t_lap=5.7s  aniso=0.29  (2.8s)
                                                                                     Best trial: 31. Best value: 50.3994:  23%|██▎       | 46/200 [03:27<14:44,  5.74s/it]Best trial: 31. Best value: 50.3994:  23%|██▎       | 46/200 [03:27<14:44,  5.74s/it]Best trial: 31. Best value: 50.3994:  24%|██▎       | 47/200 [03:27<12:23,  4.86s/it][I 2026-03-22 01:10:38,070] Trial 46 finished with value: 53.42380950692991 and parameters: {'Q_phix': 0.23789680390808055, 'Q_phiy': 3.9964249301003374, 'Q_phiz': 5.852757977788857, 'Q_ecx': 17.735218098300695, 'Q_ecy': 3.57471330212152, 'Q_ecz': 1.537372463625733, 'Q_elx': 3.278071401019798, 'Q_ely': 13.326962221281645, 'Q_elz': 17.949507277270587, 'U_T': 0.006527256373829531, 'U_tx': 799.6115626390645, 'U_ty': 82.21621766131187, 'U_tz': 23.562267139518546, 'Q_wx': 0.46846624158047256, 'Q_wy': 0.021667211103307358, 'Q_wz': 0.10797636528370039, 'Q_s': 0.8599722408683874}. Best is trial 31 with value: 50.39935948146522.
  [Trial  47]  J=55629.552  J_mpcc=55273.4431  RMSE_c=117.2696  RMSE_l=100.9048  effort=2965.3  path=100.0%  v̄θ=2.97  t_lap=21.2s  aniso=0.56  (11.4s)
                                                                                     Best trial: 31. Best value: 50.3994:  24%|██▎       | 47/200 [03:39<12:23,  4.86s/it]Best trial: 31. Best value: 50.3994:  24%|██▎       | 47/200 [03:39<12:23,  4.86s/it]Best trial: 31. Best value: 50.3994:  24%|██▍       | 48/200 [03:39<17:17,  6.82s/it][I 2026-03-22 01:10:49,476] Trial 47 finished with value: 55629.552269525 and parameters: {'Q_phix': 0.5163204985072909, 'Q_phiy': 4.578759727082514, 'Q_phiz': 6.262138253257849, 'Q_ecx': 17.903250715638354, 'Q_ecy': 3.6252509781280446, 'Q_ecz': 1.16494834896657, 'Q_elx': 3.080938424284131, 'Q_ely': 9.104982952528417, 'Q_elz': 4.156629896654346, 'U_T': 0.11159413974993221, 'U_tx': 788.2733356518487, 'U_ty': 140.19561434760325, 'U_tz': 24.124819774172572, 'Q_wx': 0.14059406430422333, 'Q_wy': 0.022927188356492927, 'Q_wz': 0.116532302390675, 'Q_s': 1.0302480232593227}. Best is trial 31 with value: 50.39935948146522.
  [Trial  48]  J=  69.453  J_mpcc=66.0016  RMSE_c=0.5850  RMSE_l=1.1177  effort=1292.1  path=100.0%  v̄θ=10.49  t_lap=6.0s  aniso=1.26  (2.9s)
                                                                                     Best trial: 31. Best value: 50.3994:  24%|██▍       | 48/200 [03:42<17:17,  6.82s/it]Best trial: 31. Best value: 50.3994:  24%|██▍       | 48/200 [03:42<17:17,  6.82s/it]Best trial: 31. Best value: 50.3994:  24%|██▍       | 49/200 [03:42<14:13,  5.65s/it][I 2026-03-22 01:10:52,392] Trial 48 finished with value: 69.45264417203676 and parameters: {'Q_phix': 0.2110265956402232, 'Q_phiy': 18.46652203417786, 'Q_phiz': 13.241153319581434, 'Q_ecx': 24.98088445137372, 'Q_ecy': 4.798920374242973, 'Q_ecz': 1.0054322124578348, 'Q_elx': 1.8120555442971478, 'Q_ely': 3.9221080582040035, 'Q_elz': 11.972260487014413, 'U_T': 0.012735040281508557, 'U_tx': 593.688372280885, 'U_ty': 204.82143191852305, 'U_tz': 24.68619240075057, 'Q_wx': 0.46842811030549375, 'Q_wy': 0.01497561834160401, 'Q_wz': 0.052406423965561375, 'Q_s': 0.8474773221223817}. Best is trial 31 with value: 50.39935948146522.
  [Trial  49]  J=485985.206  J_mpcc=483713.6697  RMSE_c=422.0169  RMSE_l=75.5236  effort=3133.0  path=0.0%  v̄θ=2.40  t_lap=24.3s  aniso=3.01  (12.4s)
                                                                                     Best trial: 31. Best value: 50.3994:  24%|██▍       | 49/200 [03:54<14:13,  5.65s/it]Best trial: 31. Best value: 50.3994:  24%|██▍       | 49/200 [03:54<14:13,  5.65s/it]Best trial: 31. Best value: 50.3994:  25%|██▌       | 50/200 [03:54<19:11,  7.68s/it][I 2026-03-22 01:11:04,804] Trial 49 finished with value: 485985.20608310064 and parameters: {'Q_phix': 0.14552926211688436, 'Q_phiy': 3.860855606782805, 'Q_phiz': 9.425682633262012, 'Q_ecx': 19.68335076969657, 'Q_ecy': 2.0231498659289238, 'Q_ecz': 2.4362505134662684, 'Q_elx': 3.8509081949196236, 'Q_ely': 13.374656049825104, 'Q_elz': 19.971474455981813, 'U_T': 0.023965622150925358, 'U_tx': 662.8606915266587, 'U_ty': 81.76772419601939, 'U_tz': 55.58928641779481, 'Q_wx': 1.2894558687870459, 'Q_wy': 0.0563241787211747, 'Q_wz': 0.10530059069900544, 'Q_s': 1.7806699742334418}. Best is trial 31 with value: 50.39935948146522.
  [Trial  50]  J=6676.683  J_mpcc=6607.6141  RMSE_c=22.3483  RMSE_l=31.9542  effort=3220.4  path=100.0%  v̄θ=8.34  t_lap=7.5s  aniso=0.79  (4.3s)
