                                                                                      Best trial: 99. Best value: 33.0287:  72%|███████▎  | 145/200 [10:16<03:08,  3.43s/it]Best trial: 99. Best value: 33.0287:  72%|███████▎  | 145/200 [10:16<03:08,  3.43s/it]Best trial: 99. Best value: 33.0287:  73%|███████▎  | 146/200 [10:16<03:22,  3.75s/it][I 2026-03-22 01:17:26,911] Trial 145 finished with value: 207.08342476287294 and parameters: {'Q_phix': 0.34652942343783105, 'Q_phiy': 0.34292384766822886, 'Q_phiz': 2.195299023524904, 'Q_ecx': 26.0885888280426, 'Q_ecy': 2.2114880212490244, 'Q_ecz': 1.3923183792250002, 'Q_elx': 3.0990054030148904, 'Q_ely': 0.5576687943322302, 'Q_elz': 8.509756700224951, 'U_T': 0.008434904854539427, 'U_tx': 555.4646527521944, 'U_ty': 76.16842033059913, 'U_tz': 26.929116863305136, 'Q_wx': 0.6829821824209135, 'Q_wy': 0.019589815199606935, 'Q_wz': 0.8203311493481078, 'Q_s': 0.5820951949582124}. Best is trial 99 with value: 33.02870730632683.
  [Trial 146]  J=  57.559  J_mpcc=54.0009  RMSE_c=0.6569  RMSE_l=0.6330  effort=1161.4  path=100.0%  v̄θ=9.68  t_lap=6.5s  aniso=0.34  (3.3s)
                                                                                      Best trial: 99. Best value: 33.0287:  73%|███████▎  | 146/200 [10:20<03:22,  3.75s/it]Best trial: 99. Best value: 33.0287:  73%|███████▎  | 146/200 [10:20<03:22,  3.75s/it]Best trial: 99. Best value: 33.0287:  74%|███████▎  | 147/200 [10:20<03:11,  3.62s/it][I 2026-03-22 01:17:30,228] Trial 146 finished with value: 57.55922724041447 and parameters: {'Q_phix': 3.252945989048557, 'Q_phiy': 0.2908268452841701, 'Q_phiz': 1.7998822888320536, 'Q_ecx': 24.23063050579456, 'Q_ecy': 2.975990570353676, 'Q_ecz': 1.9680089094072422, 'Q_elx': 2.210331815993668, 'Q_ely': 0.8715920234895788, 'Q_elz': 9.186203324835425, 'U_T': 0.00766945699915535, 'U_tx': 95.68595742280581, 'U_ty': 37.524197101068005, 'U_tz': 23.246833545529793, 'Q_wx': 0.027032464021898323, 'Q_wy': 0.020853822760409625, 'Q_wz': 1.2762450394265308, 'Q_s': 0.6555829654867317}. Best is trial 99 with value: 33.02870730632683.
  [Trial 147]  J=  51.621  J_mpcc=48.0770  RMSE_c=0.6493  RMSE_l=0.4852  effort=1407.4  path=100.0%  v̄θ=10.10  t_lap=6.2s  aniso=0.67  (3.1s)
                                                                                      Best trial: 99. Best value: 33.0287:  74%|███████▎  | 147/200 [10:23<03:11,  3.62s/it]Best trial: 99. Best value: 33.0287:  74%|███████▎  | 147/200 [10:23<03:11,  3.62s/it]Best trial: 99. Best value: 33.0287:  74%|███████▍  | 148/200 [10:23<03:00,  3.47s/it][I 2026-03-22 01:17:33,349] Trial 147 finished with value: 51.62051317015856 and parameters: {'Q_phix': 0.40805661310570407, 'Q_phiy': 0.1980904160620614, 'Q_phiz': 1.5350033103254201, 'Q_ecx': 29.32404840382751, 'Q_ecy': 1.8310952355181604, 'Q_ecz': 1.0598554260772157, 'Q_elx': 2.94401621192828, 'Q_ely': 1.0073961948259718, 'Q_elz': 5.838267683047482, 'U_T': 0.005848987746167892, 'U_tx': 497.34593466356336, 'U_ty': 30.701892992130144, 'U_tz': 29.442876929840974, 'Q_wx': 0.35231850270237935, 'Q_wy': 0.027817521417951654, 'Q_wz': 0.5192054851238749, 'Q_s': 0.5549412097947437}. Best is trial 99 with value: 33.02870730632683.
  [Trial 148]  J=1896.500  J_mpcc=889.9584  RMSE_c=1.7843  RMSE_l=4.2042  effort=1582.5  path=0.0%  v̄θ=11.42  t_lap=1.4s  aniso=1.83  (0.8s)
                                                                                      Best trial: 99. Best value: 33.0287:  74%|███████▍  | 148/200 [10:23<03:00,  3.47s/it]Best trial: 99. Best value: 33.0287:  74%|███████▍  | 148/200 [10:23<03:00,  3.47s/it]Best trial: 99. Best value: 33.0287:  74%|███████▍  | 149/200 [10:23<02:15,  2.66s/it][I 2026-03-22 01:17:34,120] Trial 148 finished with value: 1896.5000774476123 and parameters: {'Q_phix': 0.5462336603776619, 'Q_phiy': 0.23488376971749342, 'Q_phiz': 2.5557905881457894, 'Q_ecx': 19.93056403960773, 'Q_ecy': 25.059469237851253, 'Q_ecz': 1.2842832625177025, 'Q_elx': 2.50694209868144, 'Q_ely': 0.6131859641011833, 'Q_elz': 8.222815534273455, 'U_T': 0.006875176545114335, 'U_tx': 449.15312563948, 'U_ty': 33.93206019266671, 'U_tz': 21.715387866169376, 'Q_wx': 0.8176193224315174, 'Q_wy': 0.03821290534269817, 'Q_wz': 0.18937120168087418, 'Q_s': 0.6132851415930807}. Best is trial 99 with value: 33.02870730632683.
  [Trial 149]  J=6362299.768  J_mpcc=6355961.3347  RMSE_c=1829.8201  RMSE_l=214.6437  effort=784.5  path=16.0%  v̄θ=0.34  t_lap=29.7s  aniso=11.77  (16.1s)
                                                                                      Best trial: 99. Best value: 33.0287:  74%|███████▍  | 149/200 [10:40<02:15,  2.66s/it]Best trial: 99. Best value: 33.0287:  74%|███████▍  | 149/200 [10:40<02:15,  2.66s/it]Best trial: 99. Best value: 33.0287:  75%|███████▌  | 150/200 [10:40<05:34,  6.70s/it][I 2026-03-22 01:17:50,233] Trial 149 finished with value: 6362299.768460853 and parameters: {'Q_phix': 0.4785005259870071, 'Q_phiy': 0.16241135621914005, 'Q_phiz': 2.184478969002247, 'Q_ecx': 21.90382703211148, 'Q_ecy': 1.6500714230791935, 'Q_ecz': 1.8236809640794063, 'Q_elx': 1.8122590416796256, 'Q_ely': 0.6610320076442975, 'Q_elz': 4.969137472379485, 'U_T': 0.005392271516272298, 'U_tx': 524.9860829948435, 'U_ty': 53.64407239102218, 'U_tz': 25.15595368741963, 'Q_wx': 0.4616846620125935, 'Q_wy': 0.013667075562596961, 'Q_wz': 0.7621091515838297, 'Q_s': 0.5380403227157183}. Best is trial 99 with value: 33.02870730632683.
  [Trial 150]  J=  57.870  J_mpcc=53.8073  RMSE_c=0.8334  RMSE_l=0.6481  effort=1530.6  path=100.0%  v̄θ=10.47  t_lap=6.0s  aniso=0.81  (3.1s)
                                                                                      Best trial: 99. Best value: 33.0287:  75%|███████▌  | 150/200 [10:43<05:34,  6.70s/it]Best trial: 99. Best value: 33.0287:  75%|███████▌  | 150/200 [10:43<05:34,  6.70s/it]Best trial: 99. Best value: 33.0287:  76%|███████▌  | 151/200 [10:43<04:35,  5.62s/it][I 2026-03-22 01:17:53,339] Trial 150 finished with value: 57.87034612911029 and parameters: {'Q_phix': 5.741480105011518, 'Q_phiy': 4.193281604285435, 'Q_phiz': 1.9761451689688294, 'Q_ecx': 26.68373058561601, 'Q_ecy': 2.5192104418559533, 'Q_ecz': 1.5505504922045321, 'Q_elx': 2.3750128315027994, 'Q_ely': 0.5391083986716032, 'Q_elz': 12.503314458353703, 'U_T': 0.006111050379500149, 'U_tx': 407.8328714624614, 'U_ty': 38.99129285745045, 'U_tz': 20.01304784088973, 'Q_wx': 0.5585292481226104, 'Q_wy': 0.01510844231059499, 'Q_wz': 0.3834687457727566, 'Q_s': 0.6727794264952784}. Best is trial 99 with value: 33.02870730632683.
  [Trial 151]  J=  47.306  J_mpcc=43.0263  RMSE_c=0.8693  RMSE_l=0.5675  effort=798.1  path=100.0%  v̄θ=9.06  t_lap=6.9s  aniso=0.18  (3.6s)
                                                                                      Best trial: 99. Best value: 33.0287:  76%|███████▌  | 151/200 [10:46<04:35,  5.62s/it]Best trial: 99. Best value: 33.0287:  76%|███████▌  | 151/200 [10:46<04:35,  5.62s/it]Best trial: 99. Best value: 33.0287:  76%|███████▌  | 152/200 [10:46<04:00,  5.02s/it][I 2026-03-22 01:17:56,962] Trial 151 finished with value: 47.306424996603816 and parameters: {'Q_phix': 4.658281985980252, 'Q_phiy': 0.2865443235486926, 'Q_phiz': 3.262960755531828, 'Q_ecx': 25.566182769453214, 'Q_ecy': 2.014628093964685, 'Q_ecz': 1.2146272350336627, 'Q_elx': 2.6948922354253826, 'Q_ely': 0.5935043954531893, 'Q_elz': 7.105402290388304, 'U_T': 0.006519605634990439, 'U_tx': 461.6338554123867, 'U_ty': 48.66143843919937, 'U_tz': 21.580769156448643, 'Q_wx': 0.6298072376688241, 'Q_wy': 0.02323102961033888, 'Q_wz': 0.6878599628114123, 'Q_s': 0.5050325566536101}. Best is trial 99 with value: 33.02870730632683.
  [Trial 152]  J=  35.293  J_mpcc=31.7979  RMSE_c=0.7367  RMSE_l=0.6862  effort=1171.8  path=100.0%  v̄θ=11.16  t_lap=5.6s  aniso=0.34  (3.0s)
                                                                                      Best trial: 99. Best value: 33.0287:  76%|███████▌  | 152/200 [10:49<04:00,  5.02s/it]Best trial: 99. Best value: 33.0287:  76%|███████▌  | 152/200 [10:49<04:00,  5.02s/it]Best trial: 99. Best value: 33.0287:  76%|███████▋  | 153/200 [10:49<03:27,  4.42s/it][I 2026-03-22 01:17:59,969] Trial 152 finished with value: 35.29299090910816 and parameters: {'Q_phix': 3.588595729865326, 'Q_phiy': 0.2628950899613988, 'Q_phiz': 3.024759066920614, 'Q_ecx': 24.27113243398446, 'Q_ecy': 1.9603493349346017, 'Q_ecz': 1.278157272605849, 'Q_elx': 2.7931328638991233, 'Q_ely': 0.7499592222083685, 'Q_elz': 7.736033491109584, 'U_T': 0.006156355157004768, 'U_tx': 478.93050741535995, 'U_ty': 47.21558457601964, 'U_tz': 23.30103198232017, 'Q_wx': 0.6437053242763628, 'Q_wy': 0.025155420096245138, 'Q_wz': 0.6153230473884524, 'Q_s': 0.5037861203455872}. Best is trial 99 with value: 33.02870730632683.
  [Trial 153]  J=  42.574  J_mpcc=38.9587  RMSE_c=0.7456  RMSE_l=0.5518  effort=1023.9  path=100.0%  v̄θ=10.56  t_lap=6.0s  aniso=0.25  (3.1s)
                                                                                      Best trial: 99. Best value: 33.0287:  76%|███████▋  | 153/200 [10:52<03:27,  4.42s/it]Best trial: 99. Best value: 33.0287:  76%|███████▋  | 153/200 [10:52<03:27,  4.42s/it]Best trial: 99. Best value: 33.0287:  77%|███████▋  | 154/200 [10:52<03:05,  4.03s/it][I 2026-03-22 01:18:03,111] Trial 153 finished with value: 42.573869821444205 and parameters: {'Q_phix': 2.660185381371513, 'Q_phiy': 0.24519039751575283, 'Q_phiz': 3.8946770944713043, 'Q_ecx': 3.4563221763556013, 'Q_ecy': 2.302104884005981, 'Q_ecz': 1.420256997190946, 'Q_elx': 1.9898443416260334, 'Q_ely': 0.7418433736637153, 'Q_elz': 9.883880893465536, 'U_T': 0.005011155688112204, 'U_tx': 606.9821493929717, 'U_ty': 42.96045155247694, 'U_tz': 23.755793269307137, 'Q_wx': 0.7287961356211764, 'Q_wy': 0.02550315946598889, 'Q_wz': 0.5749417898134545, 'Q_s': 0.565280326174994}. Best is trial 99 with value: 33.02870730632683.
  [Trial 154]  J=  35.091  J_mpcc=31.4013  RMSE_c=0.8365  RMSE_l=0.6556  effort=1146.3  path=100.0%  v̄θ=11.57  t_lap=5.4s  aniso=0.25  (2.9s)
                                                                                      Best trial: 99. Best value: 33.0287:  77%|███████▋  | 154/200 [10:55<03:05,  4.03s/it]Best trial: 99. Best value: 33.0287:  77%|███████▋  | 154/200 [10:55<03:05,  4.03s/it]Best trial: 99. Best value: 33.0287:  78%|███████▊  | 155/200 [10:55<02:46,  3.70s/it][I 2026-03-22 01:18:06,028] Trial 154 finished with value: 35.09082792026164 and parameters: {'Q_phix': 2.6831998797863847, 'Q_phiy': 0.21853512563623664, 'Q_phiz': 4.069889813502156, 'Q_ecx': 3.3004030684672845, 'Q_ecy': 2.3001529394297306, 'Q_ecz': 1.4312425724006657, 'Q_elx': 3.2307253239680263, 'Q_ely': 0.7493686815442782, 'Q_elz': 8.886372548058427, 'U_T': 0.0054586423430677475, 'U_tx': 612.1106564206407, 'U_ty': 42.67348067177852, 'U_tz': 24.367411925059407, 'Q_wx': 0.750031712769817, 'Q_wy': 0.033613628470220855, 'Q_wz': 0.6442771713598122, 'Q_s': 0.5502657949500324}. Best is trial 99 with value: 33.02870730632683.
  [Trial 155]  J=  67.723  J_mpcc=61.9803  RMSE_c=1.2935  RMSE_l=0.5783  effort=500.1  path=100.0%  v̄θ=8.44  t_lap=7.4s  aniso=0.33  (3.9s)
                                                                                      Best trial: 99. Best value: 33.0287:  78%|███████▊  | 155/200 [10:59<02:46,  3.70s/it]Best trial: 99. Best value: 33.0287:  78%|███████▊  | 155/200 [10:59<02:46,  3.70s/it]Best trial: 99. Best value: 33.0287:  78%|███████▊  | 156/200 [10:59<02:45,  3.77s/it][I 2026-03-22 01:18:09,965] Trial 155 finished with value: 67.72308343719547 and parameters: {'Q_phix': 3.024528287431091, 'Q_phiy': 0.22290497071633153, 'Q_phiz': 3.501248814907808, 'Q_ecx': 6.395160561572246, 'Q_ecy': 2.3584272824071797, 'Q_ecz': 1.350852358593522, 'Q_elx': 3.795029351887013, 'Q_ely': 0.7842620559539867, 'Q_elz': 10.171684253725266, 'U_T': 0.022764839287056225, 'U_tx': 597.9634473763874, 'U_ty': 38.72682550502429, 'U_tz': 23.60439043075632, 'Q_wx': 0.997686807976953, 'Q_wy': 0.03196400940523182, 'Q_wz': 0.6551719027705186, 'Q_s': 0.5637660397540787}. Best is trial 99 with value: 33.02870730632683.
  [Trial 156]  J=  44.513  J_mpcc=40.5057  RMSE_c=0.8575  RMSE_l=0.7176  effort=1405.7  path=100.0%  v̄θ=10.76  t_lap=5.8s  aniso=0.57  (3.1s)
                                                                                      Best trial: 99. Best value: 33.0287:  78%|███████▊  | 156/200 [11:02<02:45,  3.77s/it]Best trial: 99. Best value: 33.0287:  78%|███████▊  | 156/200 [11:02<02:45,  3.77s/it]Best trial: 99. Best value: 33.0287:  78%|███████▊  | 157/200 [11:02<02:33,  3.57s/it][I 2026-03-22 01:18:13,084] Trial 156 finished with value: 44.513449960534416 and parameters: {'Q_phix': 2.632696809639966, 'Q_phiy': 0.17732881720557325, 'Q_phiz': 4.077026934732664, 'Q_ecx': 4.500160633785944, 'Q_ecy': 2.232599412792772, 'Q_ecz': 1.1353636770033515, 'Q_elx': 3.1700011310958884, 'Q_ely': 0.8560112805218381, 'Q_elz': 8.82337125671519, 'U_T': 0.005493486421519895, 'U_tx': 626.3433530682568, 'U_ty': 253.43412678210007, 'U_tz': 25.1679288596776, 'Q_wx': 0.865525378116759, 'Q_wy': 0.037203317551792486, 'Q_wz': 0.6105995618357103, 'Q_s': 0.5427909535908741}. Best is trial 99 with value: 33.02870730632683.
  [Trial 157]  J=  66.506  J_mpcc=59.0797  RMSE_c=1.9632  RMSE_l=1.6391  effort=1857.7  path=100.0%  v̄θ=10.81  t_lap=5.8s  aniso=0.95  (3.0s)
                                                                                      Best trial: 99. Best value: 33.0287:  78%|███████▊  | 157/200 [11:06<02:33,  3.57s/it]Best trial: 99. Best value: 33.0287:  78%|███████▊  | 157/200 [11:06<02:33,  3.57s/it]Best trial: 99. Best value: 33.0287:  79%|███████▉  | 158/200 [11:06<02:23,  3.42s/it][I 2026-03-22 01:18:16,146] Trial 157 finished with value: 66.50618100517251 and parameters: {'Q_phix': 2.114295551131287, 'Q_phiy': 0.41195026518049005, 'Q_phiz': 4.283866598644275, 'Q_ecx': 3.8458246336996864, 'Q_ecy': 1.8867786304964875, 'Q_ecz': 1.2857578430134757, 'Q_elx': 2.2719037456948157, 'Q_ely': 0.7497020513507413, 'Q_elz': 7.873144952556898, 'U_T': 0.006963623637525172, 'U_tx': 360.1044451700184, 'U_ty': 43.28992124306651, 'U_tz': 23.075789196077988, 'Q_wx': 0.6819017080186479, 'Q_wy': 0.028876282486734364, 'Q_wz': 0.843286431551278, 'Q_s': 0.6252635207658533}. Best is trial 99 with value: 33.02870730632683.
  [Trial 158]  J=  49.731  J_mpcc=45.1896  RMSE_c=1.0403  RMSE_l=0.6653  effort=1239.4  path=100.0%  v̄θ=10.35  t_lap=6.1s  aniso=0.25  (3.1s)
                                                                                      Best trial: 99. Best value: 33.0287:  79%|███████▉  | 158/200 [11:09<02:23,  3.42s/it]Best trial: 99. Best value: 33.0287:  79%|███████▉  | 158/200 [11:09<02:23,  3.42s/it]Best trial: 99. Best value: 33.0287:  80%|███████▉  | 159/200 [11:09<02:16,  3.34s/it][I 2026-03-22 01:18:19,289] Trial 158 finished with value: 49.730502144932736 and parameters: {'Q_phix': 3.6613970468695842, 'Q_phiy': 0.204804466414771, 'Q_phiz': 4.620826236829998, 'Q_ecx': 3.3996330269297506, 'Q_ecy': 2.714366100412444, 'Q_ecz': 1.431354389531448, 'Q_elx': 1.9625369348676804, 'Q_ely': 1.021779167051389, 'Q_elz': 9.752619351007233, 'U_T': 0.005902961746472294, 'U_tx': 582.8846252291137, 'U_ty': 43.15499911914573, 'U_tz': 27.733812300058677, 'Q_wx': 0.772089583793198, 'Q_wy': 0.025317588291885938, 'Q_wz': 0.5012090752378516, 'Q_s': 0.57215354668271}. Best is trial 99 with value: 33.02870730632683.
  [Trial 159]  J=  63.664  J_mpcc=59.5931  RMSE_c=0.8150  RMSE_l=0.8752  effort=1310.2  path=100.0%  v̄θ=9.74  t_lap=6.5s  aniso=0.52  (3.4s)
                                                                                      Best trial: 99. Best value: 33.0287:  80%|███████▉  | 159/200 [11:12<02:16,  3.34s/it]Best trial: 99. Best value: 33.0287:  80%|███████▉  | 159/200 [11:12<02:16,  3.34s/it]Best trial: 99. Best value: 33.0287:  80%|████████  | 160/200 [11:12<02:14,  3.36s/it][I 2026-03-22 01:18:22,692] Trial 159 finished with value: 63.66448547034103 and parameters: {'Q_phix': 2.394259692857462, 'Q_phiy': 0.31796320581418447, 'Q_phiz': 3.83038879567223, 'Q_ecx': 2.6588656563004744, 'Q_ecy': 2.453189914774038, 'Q_ecz': 1.229098021353892, 'Q_elx': 3.3101956089766045, 'Q_ely': 1.1813386422109027, 'Q_elz': 4.360532845264341, 'U_T': 0.007632265232764163, 'U_tx': 544.3508923293361, 'U_ty': 47.42453452844651, 'U_tz': 24.602736868097455, 'Q_wx': 0.010101476222887748, 'Q_wy': 0.03216851652672076, 'Q_wz': 0.5799025696502453, 'Q_s': 0.7298911215266903}. Best is trial 99 with value: 33.02870730632683.
  [Trial 160]  J= 155.093  J_mpcc=151.0251  RMSE_c=0.9057  RMSE_l=0.7918  effort=1799.9  path=100.0%  v̄θ=10.89  t_lap=5.8s  aniso=0.38  (2.9s)
                                                                                      Best trial: 99. Best value: 33.0287:  80%|████████  | 160/200 [11:15<02:14,  3.36s/it]Best trial: 99. Best value: 33.0287:  80%|████████  | 160/200 [11:15<02:14,  3.36s/it]Best trial: 99. Best value: 33.0287:  80%|████████  | 161/200 [11:15<02:05,  3.22s/it][I 2026-03-22 01:18:25,605] Trial 160 finished with value: 155.0929932691443 and parameters: {'Q_phix': 2.9346321756307994, 'Q_phiy': 0.25706743799687565, 'Q_phiz': 2.851892394343888, 'Q_ecx': 3.071243079314375, 'Q_ecy': 2.219541154546241, 'Q_ecz': 1.0815120934842823, 'Q_elx': 2.5158711312901287, 'Q_ely': 1.6411308765525925, 'Q_elz': 6.593389079023861, 'U_T': 0.005477868858369301, 'U_tx': 487.45665152949164, 'U_ty': 41.62969928403605, 'U_tz': 21.423577701461298, 'Q_wx': 0.6007405635292575, 'Q_wy': 0.025243461671821076, 'Q_wz': 0.7115487985983925, 'Q_s': 2.519336245043874}. Best is trial 99 with value: 33.02870730632683.
  [Trial 161]  J=  42.609  J_mpcc=39.2164  RMSE_c=0.6342  RMSE_l=0.4624  effort=963.6  path=100.0%  v̄θ=10.12  t_lap=6.2s  aniso=0.33  (3.1s)
                                                                                      Best trial: 99. Best value: 33.0287:  80%|████████  | 161/200 [11:18<02:05,  3.22s/it]Best trial: 99. Best value: 33.0287:  80%|████████  | 161/200 [11:18<02:05,  3.22s/it]Best trial: 99. Best value: 33.0287:  81%|████████  | 162/200 [11:18<02:01,  3.19s/it][I 2026-03-22 01:18:28,731] Trial 161 finished with value: 42.6092697161602 and parameters: {'Q_phix': 2.164018809652058, 'Q_phiy': 0.23303916151082488, 'Q_phiz': 2.322082204162561, 'Q_ecx': 23.413311022893826, 'Q_ecy': 1.9763478076597958, 'Q_ecz': 1.4552092172167157, 'Q_elx': 2.8806998705644187, 'Q_ely': 0.6981191378075224, 'Q_elz': 7.962507552933043, 'U_T': 0.005003942898062747, 'U_tx': 509.42536457714374, 'U_ty': 36.28793863546486, 'U_tz': 26.747355338112815, 'Q_wx': 0.5358107697311663, 'Q_wy': 0.021948055331416895, 'Q_wz': 0.4530596925019026, 'Q_s': 0.5263098385327438}. Best is trial 99 with value: 33.02870730632683.
  [Trial 162]  J=  37.814  J_mpcc=34.2977  RMSE_c=0.7972  RMSE_l=0.7908  effort=1899.8  path=100.0%  v̄θ=12.17  t_lap=5.2s  aniso=0.44  (2.7s)
                                                                                      Best trial: 99. Best value: 33.0287:  81%|████████  | 162/200 [11:21<02:01,  3.19s/it]Best trial: 99. Best value: 33.0287:  81%|████████  | 162/200 [11:21<02:01,  3.19s/it]Best trial: 99. Best value: 33.0287:  82%|████████▏ | 163/200 [11:21<01:52,  3.04s/it][I 2026-03-22 01:18:31,406] Trial 162 finished with value: 37.81380250438169 and parameters: {'Q_phix': 2.1921581392220837, 'Q_phiy': 0.14017502202301166, 'Q_phiz': 0.34308822354910873, 'Q_ecx': 2.9972590262031926, 'Q_ecy': 1.7447297069454588, 'Q_ecz': 1.4553593961759075, 'Q_elx': 2.9407943912347716, 'Q_ely': 0.7219400782106064, 'Q_elz': 8.060519979382626, 'U_T': 0.005054447177360698, 'U_tx': 442.76965002496996, 'U_ty': 31.281295087699522, 'U_tz': 23.116426202425394, 'Q_wx': 0.7211129163714798, 'Q_wy': 0.029178161416335658, 'Q_wz': 0.44499319419701366, 'Q_s': 0.5335584732211681}. Best is trial 99 with value: 33.02870730632683.
  [Trial 163]  J=  51.694  J_mpcc=47.7918  RMSE_c=0.8598  RMSE_l=0.5768  effort=1682.2  path=100.0%  v̄θ=10.70  t_lap=5.9s  aniso=0.16  (3.0s)
                                                                                      Best trial: 99. Best value: 33.0287:  82%|████████▏ | 163/200 [11:24<01:52,  3.04s/it]Best trial: 99. Best value: 33.0287:  82%|████████▏ | 163/200 [11:24<01:52,  3.04s/it]Best trial: 99. Best value: 33.0287:  82%|████████▏ | 164/200 [11:24<01:49,  3.04s/it][I 2026-03-22 01:18:34,437] Trial 163 finished with value: 51.69365519767375 and parameters: {'Q_phix': 2.0873609349395, 'Q_phiy': 0.11380935336704383, 'Q_phiz': 0.37402779207303105, 'Q_ecx': 2.3074980823061075, 'Q_ecy': 1.7059340126631493, 'Q_ecz': 1.4267910406646216, 'Q_elx': 2.9441701272524043, 'Q_ely': 0.711220441004203, 'Q_elz': 8.649443984905838, 'U_T': 0.005001141225157053, 'U_tx': 426.8176729925462, 'U_ty': 36.77237012707334, 'U_tz': 22.711046646248608, 'Q_wx': 0.7076168638399344, 'Q_wy': 0.03463523558280575, 'Q_wz': 0.433071070856697, 'Q_s': 0.5833032713990429}. Best is trial 99 with value: 33.02870730632683.
  [Trial 164]  J=  70.816  J_mpcc=65.6606  RMSE_c=1.0675  RMSE_l=0.5975  effort=1228.1  path=100.0%  v̄θ=7.90  t_lap=8.0s  aniso=0.19  (4.2s)
